Running: /opt/Xilinx/14.7/ISE_DS/ISE/bin/lin64/unwrapped/fuse -relaunch -intstyle "ise" -incremental -lib "unisims_ver" -lib "unimacro_ver" -lib "xilinxcorelib_ver" -o "/home/sabbir/Desktop/courses/CMPE415-Programmable-Logic-Devices/hw/hw03/core/candle_controller_tb_isim_beh.exe" -prj "/home/sabbir/Desktop/courses/CMPE415-Programmable-Logic-Devices/hw/hw03/core/candle_controller_tb_beh.prj" "work.candle_controller_tb" "work.glbl" 
ISim P.20131013 (signature 0xfbc00daa)
Number of CPUs detected in this system: 4
Turning on mult-threading, number of parallel sub-compilation jobs: 8 
Determining compilation order of HDL files
Analyzing Verilog file "/home/sabbir/Desktop/courses/CMPE415-Programmable-Logic-Devices/hw/hw03/core/candle_controller.v" into library work
Analyzing Verilog file "/home/sabbir/Desktop/courses/CMPE415-Programmable-Logic-Devices/hw/hw03/core/candle_controller_tb.v" into library work
Analyzing Verilog file "/opt/Xilinx/14.7/ISE_DS/ISE//verilog/src/glbl.v" into library work
Starting static elaboration
Completed static elaboration
Fuse Memory Usage: 94672 KB
Fuse CPU Usage: 1720 ms
Compiling module candle_controller
Compiling module candle_controller_tb
Compiling module glbl
Time Resolution for simulation is 1ps.
Waiting for 1 sub-compilation(s) to finish...
Compiled 3 Verilog Units
Built simulation executable /home/sabbir/Desktop/courses/CMPE415-Programmable-Logic-Devices/hw/hw03/core/candle_controller_tb_isim_beh.exe
Fuse Memory Usage: 654860 KB
Fuse CPU Usage: 1730 ms
GCC CPU Usage: 180 ms
