ISim log file
Running: /home/sabbir/Desktop/courses/CMPE415-Programmable-Logic-Devices/hw/hw03/core/top_tb_isim_beh.exe -intstyle ise -gui -tclbatch isim.cmd -wdb /home/sabbir/Desktop/courses/CMPE415-Programmable-Logic-Devices/hw/hw03/core/top_tb_isim_beh.wdb 
ISim P.20131013 (signature 0xfbc00daa)
WARNING: A WEBPACK license was found.
WARNING: Please use Xilinx License Configuration Manager to check out a full ISim license.
WARNING: ISim will run in Lite mode. Please refer to the ISim documentation for more information on the differences between the Lite and the Full version.
This is a Lite version of ISim.
Time resolution is 1 ps
# onerror resume
# wave add /
# run 1000 ns
Simulator is doing circuit initialization process.
Finished circuit initialization process.
30000 CANDLES: 00000001
70000 CANDLES: 00000001
110000 CANDLES: 00000001
130000 CANDLES: 00000001
170000 CANDLES: 00000001
250000 CANDLES: 00000000
# exit 0
