Command line:
   part01_c_tb_isim_beh.exe
     -simmode  gui
     -simrunnum  0
     -socket  43224

Tue Oct  3 11:38:56 2017


 Elaboration Time: 0.02 sec

 Current Memory Usage: 196.03 Meg

 Total Signals          : 18
 Total Nets             : 18
 Total Signal Drivers   : 10
 Total Blocks           : 3
 Total Primitive Blocks : 2
 Total Processes        : 14
 Total Traceable Variables  : 23
 Total Scalar Nets and Variables : 103
Total Line Count : 45

 Total Simulation Time: 0.05 sec

 Current Memory Usage: 271.532 Meg

Tue Oct  3 11:39:29 2017

