Command line:
   part01_b_tb_isim_beh.exe
     -simmode  gui
     -simrunnum  1
     -socket  47358

Mon Oct  2 22:28:24 2017


 Elaboration Time: 0.01 sec

 Current Memory Usage: 196.035 Meg

 Total Signals          : 18
 Total Nets             : 18
 Total Signal Drivers   : 10
 Total Blocks           : 3
 Total Primitive Blocks : 2
 Total Processes        : 14
 Total Traceable Variables  : 23
 Total Scalar Nets and Variables : 103
Total Line Count : 34

 Total Simulation Time: 0.05 sec

 Current Memory Usage: 271.536 Meg

Mon Oct  2 22:31:08 2017

