(---------------------------------------------------------------------)
(                                                                     )
(    Allegro Netrev Import Logic                                      )
(                                                                     )
(    Drawing          : proj1.brd                                     )
(    Software Version : 16.6P004                                      )
(    Date/Time        : Wed May 10 10:02:51 2017                      )
(                                                                     )
(---------------------------------------------------------------------)


------ Directives ------

RIPUP_ETCH FALSE;
RIPUP_DELETE_FIRST_SEGMENT FALSE;
RIPUP_RETAIN_BONDWIRE FALSE;
RIPUP_SYMBOLS ALWAYS;
Missing symbol has error FALSE;
SCHEMATIC_DIRECTORY 'F:/CMPE310/proj/proj1/simfiles/Allegro';
BOARD_DIRECTORY '';
OLD_BOARD_NAME 'F:/CMPE310/proj/proj1/simfiles/pcb/proj1.brd';
NEW_BOARD_NAME 'F:/CMPE310/proj/proj1/simfiles/pcb/proj1.brd';

CmdLine: netrev -$ -i F:/CMPE310/proj/proj1/simfiles/Allegro -y 1 F:/CMPE310/proj/proj1/simfiles/pcb/#Taaaaab16172.tmp

------ Preparing to read pst files ------

Starting to read F:/CMPE310/proj/proj1/simfiles/Allegro/pstchip.dat 
   Finished reading F:/CMPE310/proj/proj1/simfiles/Allegro/pstchip.dat (00:00:00.08)
Starting to read F:/CMPE310/proj/proj1/simfiles/Allegro/pstxprt.dat 
   Finished reading F:/CMPE310/proj/proj1/simfiles/Allegro/pstxprt.dat (00:00:00.01)
Starting to read F:/CMPE310/proj/proj1/simfiles/Allegro/pstxnet.dat 
   Finished reading F:/CMPE310/proj/proj1/simfiles/Allegro/pstxnet.dat (00:00:00.00)

------ Oversights/Warnings/Errors ------


------ Library Paths ------
MODULEPATH =  . 
           C:/Cadence/SPB_16.6/share/local/pcb/modules 

PSMPATH =  . 
           symbols 
           .. 
           ../symbols 
           C:/Cadence/SPB_16.6/share/local/pcb/symbols 
           C:/Cadence/SPB_16.6/share/pcb/pcb_lib/symbols 
           C:/Cadence/SPB_16.6/share/pcb/allegrolib/symbols 

PADPATH =  . 
           symbols 
           .. 
           ../symbols 
           C:/Cadence/SPB_16.6/share/local/pcb/padstacks 
           C:/Cadence/SPB_16.6/share/pcb/pcb_lib/symbols 
           C:/Cadence/SPB_16.6/share/pcb/allegrolib/symbols 


------ Summary Statistics ------


netrev run on May 10 10:02:51 2017
   DESIGN NAME : 'PROJ1'
   PACKAGING ON Sep 10 2012 04:46:09

   COMPILE 'logic'
   CHECK_PIN_NAMES OFF
   CROSS_REFERENCE OFF
   FEEDBACK OFF
   INCREMENTAL OFF
   INTERFACE_TYPE PHYSICAL
   MAX_ERRORS 500
   MERGE_MINIMUM 5
   NET_NAME_CHARS '#%&()*+-./:=>?@[]^_`|'
   NET_NAME_LENGTH 24
   OVERSIGHTS ON
   REPLACE_CHECK OFF
   SINGLE_NODE_NETS ON
   SPLIT_MINIMUM 0
   SUPPRESS   20
   WARNINGS ON

 No error detected
 No oversight detected
 No warning detected

cpu time      0:01:35
elapsed time  0:00:00

