Command line:
   part01_a_tb_isim_beh.exe
     -simmode  gui
     -simrunnum  0
     -socket  42031

Mon Oct  2 22:34:48 2017


 Elaboration Time: 0.02 sec

 Current Memory Usage: 196.035 Meg

 Total Signals          : 18
 Total Nets             : 18
 Total Signal Drivers   : 10
 Total Blocks           : 3
 Total Primitive Blocks : 2
 Total Processes        : 14
 Total Traceable Variables  : 23
 Total Scalar Nets and Variables : 103
Total Line Count : 44

 Total Simulation Time: 0.03 sec

 Current Memory Usage: 271.536 Meg

Mon Oct  2 22:35:31 2017

