Command line:
   extinguisher_tb_isim_beh.exe
     -simmode  gui
     -simrunnum  0
     -socket  48494

Fri Oct 13 15:59:50 2017


 Elaboration Time: 0 sec

 Current Memory Usage: 196.035 Meg

 Total Signals          : 18
 Total Nets             : 20
 Total Signal Drivers   : 10
 Total Blocks           : 3
 Total Primitive Blocks : 2
 Total Processes        : 17
 Total Traceable Variables  : 24
 Total Scalar Nets and Variables : 139
Total Line Count : 66

 Total Simulation Time: 0.01 sec

 Current Memory Usage: 271.536 Meg

Fri Oct 13 16:07:10 2017

