Command line:
   part11_behave_tb_isim_beh.exe
     -simmode  gui
     -simrunnum  0
     -socket  43842

Sat Oct  7 11:12:19 2017


 Elaboration Time: 0.02 sec

 Current Memory Usage: 196.035 Meg

 Total Signals          : 18
 Total Nets             : 30
 Total Signal Drivers   : 10
 Total Blocks           : 3
 Total Primitive Blocks : 2
 Total Processes        : 14
 Total Traceable Variables  : 23
 Total Scalar Nets and Variables : 127
Total Line Count : 52

 Total Simulation Time: 0.03 sec

 Current Memory Usage: 271.536 Meg

Sat Oct  7 11:22:08 2017

