ISim log file
Running: /home/sabbir/Desktop/courses/CMPE415-Programmable-Logic-Devices/hw/hw04/core/snake_pos_tb_isim_beh.exe -intstyle ise -gui -tclbatch isim.cmd -wdb /home/sabbir/Desktop/courses/CMPE415-Programmable-Logic-Devices/hw/hw04/core/snake_pos_tb_isim_beh.wdb 
ISim P.20131013 (signature 0xfbc00daa)
WARNING: A WEBPACK license was found.
WARNING: Please use Xilinx License Configuration Manager to check out a full ISim license.
WARNING: ISim will run in Lite mode. Please refer to the ISim documentation for more information on the differences between the Lite and the Full version.
This is a Lite version of ISim.
Time resolution is 1 ps
# onerror resume
# wave add /
# run 1000 ns
Simulator is doing circuit initialization process.
Finished circuit initialization process.
xxxxxxxxxxxxxxxxxxxxxxxxxxxxxxxxxxxxxxxxxxxxx
ISim P.20131013 (signature 0xfbc00daa)
WARNING: A WEBPACK license was found.
WARNING: Please use Xilinx License Configuration Manager to check out a full ISim license.
WARNING: ISim will run in Lite mode. Please refer to the ISim documentation for more information on the differences between the Lite and the Full version.
This is a Lite version of ISim.
# run 1000 ns
Simulator is doing circuit initialization process.
Finished circuit initialization process.
000000000000000000000000000000000000000000000
ISim P.20131013 (signature 0xfbc00daa)
WARNING: A WEBPACK license was found.
WARNING: Please use Xilinx License Configuration Manager to check out a full ISim license.
WARNING: ISim will run in Lite mode. Please refer to the ISim documentation for more information on the differences between the Lite and the Full version.
This is a Lite version of ISim.
# run 1000 ns
Simulator is doing circuit initialization process.
Finished circuit initialization process.
000000000000000000000000000000000000000000000
000000000000000000000000000000000000xxxxxxxxx
000000000000000000000000000xxxxxxxxxxxxxxxxxx
000000000000000000xxxxxxxxxxxxxxxxxxxxxxxxxxx
000000000xxxxxxxxxxxxxxxxxxxxxxxxxxxxxxxxxxxx
xxxxxxxxxxxxxxxxxxxxxxxxxxxxxxxxxxxxxxxxxxxxx
ISim P.20131013 (signature 0xfbc00daa)
WARNING: A WEBPACK license was found.
WARNING: Please use Xilinx License Configuration Manager to check out a full ISim license.
WARNING: ISim will run in Lite mode. Please refer to the ISim documentation for more information on the differences between the Lite and the Full version.
This is a Lite version of ISim.
# run 1000 ns
Simulator is doing circuit initialization process.
Finished circuit initialization process.
000000000000000000000000000000000000000000000
RIGHT 0
000000000000000000000000000000000000000000001
RIGHT 0
000000000000000000000000000000000001000000010
RIGHT 0
000000000000000000000000001000000010000000011
RIGHT 0
000000000000000001000000010000000011000000100
RIGHT 0
000000001000000010000000011000000100000000101
RIGHT 0
000000010000000011000000100000000101000000110
RIGHT 0
000000011000000100000000101000000110000000111
RIGHT 0
000000100000000101000000110000000111000001000
RIGHT 0
000000101000000110000000111000001000000001001
RIGHT 0
000000110000000111000001000000001001000001010
RIGHT 0
000000111000001000000001001000001010000001011
RIGHT 0
000001000000001001000001010000001011000001100
RIGHT 0
000001001000001010000001011000001100000001101
RIGHT 0
000001010000001011000001100000001101000001110
RIGHT 0
000001011000001100000001101000001110000001111
RIGHT 0
000001100000001101000001110000001111000010000
RIGHT 0
000001101000001110000001111000010000000010001
RIGHT 0
000001110000001111000010000000010001000010010
RIGHT 0
000001111000010000000010001000010010000010011
RIGHT 0
000010000000010001000010010000010011000010100
RIGHT 0
000010001000010010000010011000010100000010101
RIGHT 0
000010010000010011000010100000010101000010110
RIGHT 0
000010011000010100000010101000010110000010111
RIGHT 0
000010100000010101000010110000010111000011000
RIGHT 0
000010101000010110000010111000011000000011001
ISim P.20131013 (signature 0xfbc00daa)
WARNING: A WEBPACK license was found.
WARNING: Please use Xilinx License Configuration Manager to check out a full ISim license.
WARNING: ISim will run in Lite mode. Please refer to the ISim documentation for more information on the differences between the Lite and the Full version.
This is a Lite version of ISim.
# run 1000 ns
Simulator is doing circuit initialization process.
Finished circuit initialization process.
snake_x4: 000000000 snake_x3: 000000000 snake_x2: 000000000 snake_x1: 000000000 snake_x0 000000000
RIGHT 0
snake_x4: 000000000 snake_x3: 000000000 snake_x2: 000000000 snake_x1: 000000000 snake_x0 000000001
RIGHT 0
snake_x4: 000000000 snake_x3: 000000000 snake_x2: 000000000 snake_x1: 000000001 snake_x0 000000010
RIGHT 0
snake_x4: 000000000 snake_x3: 000000000 snake_x2: 000000001 snake_x1: 000000010 snake_x0 000000011
RIGHT 0
snake_x4: 000000000 snake_x3: 000000001 snake_x2: 000000010 snake_x1: 000000011 snake_x0 000000100
RIGHT 0
snake_x4: 000000001 snake_x3: 000000010 snake_x2: 000000011 snake_x1: 000000100 snake_x0 000000101
RIGHT 0
snake_x4: 000000010 snake_x3: 000000011 snake_x2: 000000100 snake_x1: 000000101 snake_x0 000000110
RIGHT 0
snake_x4: 000000011 snake_x3: 000000100 snake_x2: 000000101 snake_x1: 000000110 snake_x0 000000111
RIGHT 0
snake_x4: 000000100 snake_x3: 000000101 snake_x2: 000000110 snake_x1: 000000111 snake_x0 000001000
RIGHT 0
snake_x4: 000000101 snake_x3: 000000110 snake_x2: 000000111 snake_x1: 000001000 snake_x0 000001001
RIGHT 0
snake_x4: 000000110 snake_x3: 000000111 snake_x2: 000001000 snake_x1: 000001001 snake_x0 000001010
RIGHT 0
snake_x4: 000000111 snake_x3: 000001000 snake_x2: 000001001 snake_x1: 000001010 snake_x0 000001011
RIGHT 0
snake_x4: 000001000 snake_x3: 000001001 snake_x2: 000001010 snake_x1: 000001011 snake_x0 000001100
RIGHT 0
snake_x4: 000001001 snake_x3: 000001010 snake_x2: 000001011 snake_x1: 000001100 snake_x0 000001101
RIGHT 0
snake_x4: 000001010 snake_x3: 000001011 snake_x2: 000001100 snake_x1: 000001101 snake_x0 000001110
RIGHT 0
snake_x4: 000001011 snake_x3: 000001100 snake_x2: 000001101 snake_x1: 000001110 snake_x0 000001111
RIGHT 0
snake_x4: 000001100 snake_x3: 000001101 snake_x2: 000001110 snake_x1: 000001111 snake_x0 000010000
RIGHT 0
snake_x4: 000001101 snake_x3: 000001110 snake_x2: 000001111 snake_x1: 000010000 snake_x0 000010001
RIGHT 0
snake_x4: 000001110 snake_x3: 000001111 snake_x2: 000010000 snake_x1: 000010001 snake_x0 000010010
RIGHT 0
snake_x4: 000001111 snake_x3: 000010000 snake_x2: 000010001 snake_x1: 000010010 snake_x0 000010011
RIGHT 0
snake_x4: 000010000 snake_x3: 000010001 snake_x2: 000010010 snake_x1: 000010011 snake_x0 000010100
RIGHT 0
snake_x4: 000010001 snake_x3: 000010010 snake_x2: 000010011 snake_x1: 000010100 snake_x0 000010101
RIGHT 0
snake_x4: 000010010 snake_x3: 000010011 snake_x2: 000010100 snake_x1: 000010101 snake_x0 000010110
RIGHT 0
snake_x4: 000010011 snake_x3: 000010100 snake_x2: 000010101 snake_x1: 000010110 snake_x0 000010111
RIGHT 0
snake_x4: 000010100 snake_x3: 000010101 snake_x2: 000010110 snake_x1: 000010111 snake_x0 000011000
RIGHT 0
snake_x4: 000010101 snake_x3: 000010110 snake_x2: 000010111 snake_x1: 000011000 snake_x0 000011001
ISim P.20131013 (signature 0xfbc00daa)
WARNING: A WEBPACK license was found.
WARNING: Please use Xilinx License Configuration Manager to check out a full ISim license.
WARNING: ISim will run in Lite mode. Please refer to the ISim documentation for more information on the differences between the Lite and the Full version.
This is a Lite version of ISim.
# run 1000 ns
Simulator is doing circuit initialization process.
Finished circuit initialization process.
x4: 000000000 x3: 000000000 x2: 000000000 x1: 000000000 x0 000000000
RIGHT 0
x4: 000000000 x3: 000000000 x2: 000000000 x1: 000000000 x0 000000001
RIGHT 0
x4: 000000000 x3: 000000000 x2: 000000000 x1: 000000001 x0 000000010
RIGHT 0
x4: 000000000 x3: 000000000 x2: 000000001 x1: 000000010 x0 000000011
RIGHT 0
x4: 000000000 x3: 000000001 x2: 000000010 x1: 000000011 x0 000000100
RIGHT 0
x4: 000000001 x3: 000000010 x2: 000000011 x1: 000000100 x0 000000101
RIGHT 0
x4: 000000010 x3: 000000011 x2: 000000100 x1: 000000101 x0 000000110
RIGHT 0
x4: 000000011 x3: 000000100 x2: 000000101 x1: 000000110 x0 000000111
RIGHT 0
x4: 000000100 x3: 000000101 x2: 000000110 x1: 000000111 x0 000001000
RIGHT 0
x4: 000000101 x3: 000000110 x2: 000000111 x1: 000001000 x0 000001001
RIGHT 0
x4: 000000110 x3: 000000111 x2: 000001000 x1: 000001001 x0 000001010
RIGHT 0
x4: 000000111 x3: 000001000 x2: 000001001 x1: 000001010 x0 000001011
RIGHT 0
x4: 000001000 x3: 000001001 x2: 000001010 x1: 000001011 x0 000001100
RIGHT 0
x4: 000001001 x3: 000001010 x2: 000001011 x1: 000001100 x0 000001101
RIGHT 0
x4: 000001010 x3: 000001011 x2: 000001100 x1: 000001101 x0 000001110
RIGHT 0
x4: 000001011 x3: 000001100 x2: 000001101 x1: 000001110 x0 000001111
RIGHT 0
x4: 000001100 x3: 000001101 x2: 000001110 x1: 000001111 x0 000010000
RIGHT 0
x4: 000001101 x3: 000001110 x2: 000001111 x1: 000010000 x0 000010001
RIGHT 0
x4: 000001110 x3: 000001111 x2: 000010000 x1: 000010001 x0 000010010
RIGHT 0
x4: 000001111 x3: 000010000 x2: 000010001 x1: 000010010 x0 000010011
RIGHT 0
x4: 000010000 x3: 000010001 x2: 000010010 x1: 000010011 x0 000010100
RIGHT 0
x4: 000010001 x3: 000010010 x2: 000010011 x1: 000010100 x0 000010101
RIGHT 0
x4: 000010010 x3: 000010011 x2: 000010100 x1: 000010101 x0 000010110
RIGHT 0
x4: 000010011 x3: 000010100 x2: 000010101 x1: 000010110 x0 000010111
RIGHT 0
x4: 000010100 x3: 000010101 x2: 000010110 x1: 000010111 x0 000011000
RIGHT 0
x4: 000010101 x3: 000010110 x2: 000010111 x1: 000011000 x0 000011001
ISim P.20131013 (signature 0xfbc00daa)
WARNING: A WEBPACK license was found.
WARNING: Please use Xilinx License Configuration Manager to check out a full ISim license.
WARNING: ISim will run in Lite mode. Please refer to the ISim documentation for more information on the differences between the Lite and the Full version.
This is a Lite version of ISim.
# run 1000 ns
Simulator is doing circuit initialization process.
Finished circuit initialization process.
x4:   0 x3:   0 x2:   0 x1:   0 x0   0
RIGHT 0
x4:   0 x3:   0 x2:   0 x1:   0 x0   1
RIGHT 0
x4:   0 x3:   0 x2:   0 x1:   1 x0   2
RIGHT 0
x4:   0 x3:   0 x2:   1 x1:   2 x0   3
RIGHT 0
x4:   0 x3:   1 x2:   2 x1:   3 x0   4
RIGHT 0
x4:   1 x3:   2 x2:   3 x1:   4 x0   5
RIGHT 0
x4:   2 x3:   3 x2:   4 x1:   5 x0   6
RIGHT 0
x4:   3 x3:   4 x2:   5 x1:   6 x0   7
RIGHT 0
x4:   4 x3:   5 x2:   6 x1:   7 x0   8
RIGHT 0
x4:   5 x3:   6 x2:   7 x1:   8 x0   9
RIGHT 0
x4:   6 x3:   7 x2:   8 x1:   9 x0  10
RIGHT 0
x4:   7 x3:   8 x2:   9 x1:  10 x0  11
RIGHT 0
x4:   8 x3:   9 x2:  10 x1:  11 x0  12
RIGHT 0
x4:   9 x3:  10 x2:  11 x1:  12 x0  13
RIGHT 0
x4:  10 x3:  11 x2:  12 x1:  13 x0  14
RIGHT 0
x4:  11 x3:  12 x2:  13 x1:  14 x0  15
RIGHT 0
x4:  12 x3:  13 x2:  14 x1:  15 x0  16
RIGHT 0
x4:  13 x3:  14 x2:  15 x1:  16 x0  17
RIGHT 0
x4:  14 x3:  15 x2:  16 x1:  17 x0  18
RIGHT 0
x4:  15 x3:  16 x2:  17 x1:  18 x0  19
RIGHT 0
x4:  16 x3:  17 x2:  18 x1:  19 x0  20
RIGHT 0
x4:  17 x3:  18 x2:  19 x1:  20 x0  21
RIGHT 0
x4:  18 x3:  19 x2:  20 x1:  21 x0  22
RIGHT 0
x4:  19 x3:  20 x2:  21 x1:  22 x0  23
RIGHT 0
x4:  20 x3:  21 x2:  22 x1:  23 x0  24
RIGHT 0
x4:  21 x3:  22 x2:  23 x1:  24 x0  25
ISim P.20131013 (signature 0xfbc00daa)
WARNING: A WEBPACK license was found.
WARNING: Please use Xilinx License Configuration Manager to check out a full ISim license.
WARNING: ISim will run in Lite mode. Please refer to the ISim documentation for more information on the differences between the Lite and the Full version.
This is a Lite version of ISim.
# run 1000 ns
Simulator is doing circuit initialization process.
Finished circuit initialization process.
x4:   0 x3:   0 x2:   0 x1:   0 x0   0
RIGHT 0
RIGHT 0
RIGHT 0
RIGHT 0
RIGHT 0
RIGHT 0
RIGHT 0
RIGHT 0
RIGHT 0
RIGHT 0
RIGHT 0
RIGHT 0
RIGHT 0
RIGHT 0
RIGHT 0
RIGHT 0
RIGHT 0
RIGHT 0
RIGHT 0
RIGHT 0
RIGHT 0
RIGHT 0
RIGHT 0
RIGHT 0
RIGHT 0
ISim P.20131013 (signature 0xfbc00daa)
WARNING: A WEBPACK license was found.
WARNING: Please use Xilinx License Configuration Manager to check out a full ISim license.
WARNING: ISim will run in Lite mode. Please refer to the ISim documentation for more information on the differences between the Lite and the Full version.
This is a Lite version of ISim.
# run 1000 ns
Simulator is doing circuit initialization process.
Finished circuit initialization process.
x4:   0 x3:   0 x2:   0 x1:   0 x0   0
RIGHT 0
RIGHT 0
RIGHT 0
RIGHT 0
RIGHT 0
RIGHT 0
RIGHT 0
RIGHT 0
RIGHT 0
RIGHT 0
RIGHT 0
RIGHT 0
RIGHT 0
RIGHT 0
RIGHT 0
RIGHT 0
RIGHT 0
RIGHT 0
RIGHT 0
RIGHT 0
RIGHT 0
RIGHT 0
RIGHT 0
RIGHT 0
RIGHT 0
ISim P.20131013 (signature 0xfbc00daa)
WARNING: A WEBPACK license was found.
WARNING: Please use Xilinx License Configuration Manager to check out a full ISim license.
WARNING: ISim will run in Lite mode. Please refer to the ISim documentation for more information on the differences between the Lite and the Full version.
This is a Lite version of ISim.
# run 1000 ns
Simulator is doing circuit initialization process.
Finished circuit initialization process.
x4:   0 x3:   0 x2:   0 x1:   0 x0   0 
y4:   0 y3:   0 y2:   0 y1:   0 y0   0
RIGHT 0
x4:   0 x3:   0 x2:   0 x1:   0 x0   1 
y4:   0 y3:   0 y2:   0 y1:   0 y0   0
RIGHT 0
x4:   0 x3:   0 x2:   0 x1:   1 x0   2 
y4:   0 y3:   0 y2:   0 y1:   0 y0   0
RIGHT 0
x4:   0 x3:   0 x2:   1 x1:   2 x0   3 
y4:   0 y3:   0 y2:   0 y1:   0 y0   0
RIGHT 0
x4:   0 x3:   1 x2:   2 x1:   3 x0   4 
y4:   0 y3:   0 y2:   0 y1:   0 y0   0
RIGHT 0
x4:   1 x3:   2 x2:   3 x1:   4 x0   5 
y4:   0 y3:   0 y2:   0 y1:   0 y0   0
RIGHT 0
x4:   2 x3:   3 x2:   4 x1:   5 x0   6 
y4:   0 y3:   0 y2:   0 y1:   0 y0   0
RIGHT 0
x4:   3 x3:   4 x2:   5 x1:   6 x0   7 
y4:   0 y3:   0 y2:   0 y1:   0 y0   0
RIGHT 0
x4:   4 x3:   5 x2:   6 x1:   7 x0   8 
y4:   0 y3:   0 y2:   0 y1:   0 y0   0
RIGHT 0
x4:   5 x3:   6 x2:   7 x1:   8 x0   9 
y4:   0 y3:   0 y2:   0 y1:   0 y0   0
RIGHT 0
x4:   6 x3:   7 x2:   8 x1:   9 x0  10 
y4:   0 y3:   0 y2:   0 y1:   0 y0   0
RIGHT 0
x4:   7 x3:   8 x2:   9 x1:  10 x0  11 
y4:   0 y3:   0 y2:   0 y1:   0 y0   0
RIGHT 0
x4:   8 x3:   9 x2:  10 x1:  11 x0  12 
y4:   0 y3:   0 y2:   0 y1:   0 y0   0
RIGHT 0
x4:   9 x3:  10 x2:  11 x1:  12 x0  13 
y4:   0 y3:   0 y2:   0 y1:   0 y0   0
RIGHT 0
x4:  10 x3:  11 x2:  12 x1:  13 x0  14 
y4:   0 y3:   0 y2:   0 y1:   0 y0   0
RIGHT 0
x4:  11 x3:  12 x2:  13 x1:  14 x0  15 
y4:   0 y3:   0 y2:   0 y1:   0 y0   0
RIGHT 0
x4:  12 x3:  13 x2:  14 x1:  15 x0  16 
y4:   0 y3:   0 y2:   0 y1:   0 y0   0
RIGHT 0
x4:  13 x3:  14 x2:  15 x1:  16 x0  17 
y4:   0 y3:   0 y2:   0 y1:   0 y0   0
RIGHT 0
x4:  14 x3:  15 x2:  16 x1:  17 x0  18 
y4:   0 y3:   0 y2:   0 y1:   0 y0   0
RIGHT 0
x4:  15 x3:  16 x2:  17 x1:  18 x0  19 
y4:   0 y3:   0 y2:   0 y1:   0 y0   0
RIGHT 0
x4:  16 x3:  17 x2:  18 x1:  19 x0  20 
y4:   0 y3:   0 y2:   0 y1:   0 y0   0
RIGHT 0
x4:  17 x3:  18 x2:  19 x1:  20 x0  21 
y4:   0 y3:   0 y2:   0 y1:   0 y0   0
RIGHT 0
x4:  18 x3:  19 x2:  20 x1:  21 x0  22 
y4:   0 y3:   0 y2:   0 y1:   0 y0   0
RIGHT 0
x4:  19 x3:  20 x2:  21 x1:  22 x0  23 
y4:   0 y3:   0 y2:   0 y1:   0 y0   0
RIGHT 0
x4:  20 x3:  21 x2:  22 x1:  23 x0  24 
y4:   0 y3:   0 y2:   0 y1:   0 y0   0
RIGHT 0
x4:  21 x3:  22 x2:  23 x1:  24 x0  25 
y4:   0 y3:   0 y2:   0 y1:   0 y0   0
ISim P.20131013 (signature 0xfbc00daa)
WARNING: A WEBPACK license was found.
WARNING: Please use Xilinx License Configuration Manager to check out a full ISim license.
WARNING: ISim will run in Lite mode. Please refer to the ISim documentation for more information on the differences between the Lite and the Full version.
This is a Lite version of ISim.
# run 1000 ns
Simulator is doing circuit initialization process.
Finished circuit initialization process.
x4:   0 x3:   0 x2:   0 x1:   0 x0   0 
y4:   0 y3:   0 y2:   0 y1:   0 y0   0
RIGHT 0
x4:   0 x3:   0 x2:   0 x1:   0 x0   1 
y4:   0 y3:   0 y2:   0 y1:   0 y0   0
RIGHT 0
x4:   0 x3:   0 x2:   0 x1:   1 x0   2 
y4:   0 y3:   0 y2:   0 y1:   0 y0   0
RIGHT 0
x4:   0 x3:   0 x2:   1 x1:   2 x0   3 
y4:   0 y3:   0 y2:   0 y1:   0 y0   0
RIGHT 0
x4:   0 x3:   1 x2:   2 x1:   3 x0   4 
y4:   0 y3:   0 y2:   0 y1:   0 y0   0
RIGHT 0
x4:   1 x3:   2 x2:   3 x1:   4 x0   5 
y4:   0 y3:   0 y2:   0 y1:   0 y0   0
RIGHT 0
x4:   2 x3:   3 x2:   4 x1:   5 x0   6 
y4:   0 y3:   0 y2:   0 y1:   0 y0   0
RIGHT 0
x4:   3 x3:   4 x2:   5 x1:   6 x0   7 
y4:   0 y3:   0 y2:   0 y1:   0 y0   0
RIGHT 0
x4:   4 x3:   5 x2:   6 x1:   7 x0   8 
y4:   0 y3:   0 y2:   0 y1:   0 y0   0
RIGHT 0
x4:   5 x3:   6 x2:   7 x1:   8 x0   9 
y4:   0 y3:   0 y2:   0 y1:   0 y0   0
RIGHT 0
x4:   6 x3:   7 x2:   8 x1:   9 x0  10 
y4:   0 y3:   0 y2:   0 y1:   0 y0   0
RIGHT 0
x4:   7 x3:   8 x2:   9 x1:  10 x0  11 
y4:   0 y3:   0 y2:   0 y1:   0 y0   0
RIGHT 0
x4:   8 x3:   9 x2:  10 x1:  11 x0  12 
y4:   0 y3:   0 y2:   0 y1:   0 y0   0
RIGHT 0
x4:   9 x3:  10 x2:  11 x1:  12 x0  13 
y4:   0 y3:   0 y2:   0 y1:   0 y0   0
RIGHT 0
x4:  10 x3:  11 x2:  12 x1:  13 x0  14 
y4:   0 y3:   0 y2:   0 y1:   0 y0   0
RIGHT 0
x4:  11 x3:  12 x2:  13 x1:  14 x0  15 
y4:   0 y3:   0 y2:   0 y1:   0 y0   0
RIGHT 0
x4:  12 x3:  13 x2:  14 x1:  15 x0  16 
y4:   0 y3:   0 y2:   0 y1:   0 y0   0
RIGHT 0
x4:  13 x3:  14 x2:  15 x1:  16 x0  17 
y4:   0 y3:   0 y2:   0 y1:   0 y0   0
RIGHT 0
x4:  14 x3:  15 x2:  16 x1:  17 x0  18 
y4:   0 y3:   0 y2:   0 y1:   0 y0   0
RIGHT 0
x4:  15 x3:  16 x2:  17 x1:  18 x0  19 
y4:   0 y3:   0 y2:   0 y1:   0 y0   0
RIGHT 0
x4:  16 x3:  17 x2:  18 x1:  19 x0  20 
y4:   0 y3:   0 y2:   0 y1:   0 y0   0
RIGHT 0
x4:  17 x3:  18 x2:  19 x1:  20 x0  21 
y4:   0 y3:   0 y2:   0 y1:   0 y0   0
RIGHT 0
x4:  18 x3:  19 x2:  20 x1:  21 x0  22 
y4:   0 y3:   0 y2:   0 y1:   0 y0   0
RIGHT 0
x4:  19 x3:  20 x2:  21 x1:  22 x0  23 
y4:   0 y3:   0 y2:   0 y1:   0 y0   0
RIGHT 0
x4:  20 x3:  21 x2:  22 x1:  23 x0  24 
y4:   0 y3:   0 y2:   0 y1:   0 y0   0
RIGHT 0
x4:  21 x3:  22 x2:  23 x1:  24 x0  25 
y4:   0 y3:   0 y2:   0 y1:   0 y0   0
ISim P.20131013 (signature 0xfbc00daa)
WARNING: A WEBPACK license was found.
WARNING: Please use Xilinx License Configuration Manager to check out a full ISim license.
WARNING: ISim will run in Lite mode. Please refer to the ISim documentation for more information on the differences between the Lite and the Full version.
This is a Lite version of ISim.
# run 1000 ns
Simulator is doing circuit initialization process.
Finished circuit initialization process.
x4:   0 x3:   0 x2:   0 x1:   0 x0   0 
y4:   0 y3:   0 y2:   0 y1:   0 y0   0
RIGHT 0
x4:   0 x3:   0 x2:   0 x1:   0 x0   1 
y4:   0 y3:   0 y2:   0 y1:   0 y0   0
RIGHT 0
x4:   0 x3:   0 x2:   0 x1:   1 x0   2 
y4:   0 y3:   0 y2:   0 y1:   0 y0   0
x4:   0 x3:   0 x2:   0 x1:   1 x0   2 
y4:   0 y3:   0 y2:   0 y1:   0 y0   0
RIGHT 0
x4:   0 x3:   0 x2:   1 x1:   2 x0   3 
y4:   0 y3:   0 y2:   0 y1:   0 y0   0
RIGHT 0
x4:   0 x3:   1 x2:   2 x1:   3 x0   4 
y4:   0 y3:   0 y2:   0 y1:   0 y0   0
RIGHT 0
x4:   1 x3:   2 x2:   3 x1:   4 x0   5 
y4:   0 y3:   0 y2:   0 y1:   0 y0   0
RIGHT 0
x4:   2 x3:   3 x2:   4 x1:   5 x0   6 
y4:   0 y3:   0 y2:   0 y1:   0 y0   0
RIGHT 0
x4:   3 x3:   4 x2:   5 x1:   6 x0   7 
y4:   0 y3:   0 y2:   0 y1:   0 y0   0
RIGHT 0
x4:   4 x3:   5 x2:   6 x1:   7 x0   8 
y4:   0 y3:   0 y2:   0 y1:   0 y0   0
RIGHT 0
x4:   5 x3:   6 x2:   7 x1:   8 x0   9 
y4:   0 y3:   0 y2:   0 y1:   0 y0   0
RIGHT 0
x4:   6 x3:   7 x2:   8 x1:   9 x0  10 
y4:   0 y3:   0 y2:   0 y1:   0 y0   0
RIGHT 0
x4:   7 x3:   8 x2:   9 x1:  10 x0  11 
y4:   0 y3:   0 y2:   0 y1:   0 y0   0
RIGHT 0
x4:   8 x3:   9 x2:  10 x1:  11 x0  12 
y4:   0 y3:   0 y2:   0 y1:   0 y0   0
RIGHT 0
x4:   9 x3:  10 x2:  11 x1:  12 x0  13 
y4:   0 y3:   0 y2:   0 y1:   0 y0   0
RIGHT 0
x4:  10 x3:  11 x2:  12 x1:  13 x0  14 
y4:   0 y3:   0 y2:   0 y1:   0 y0   0
RIGHT 0
x4:  11 x3:  12 x2:  13 x1:  14 x0  15 
y4:   0 y3:   0 y2:   0 y1:   0 y0   0
RIGHT 0
x4:  12 x3:  13 x2:  14 x1:  15 x0  16 
y4:   0 y3:   0 y2:   0 y1:   0 y0   0
RIGHT 0
x4:  13 x3:  14 x2:  15 x1:  16 x0  17 
y4:   0 y3:   0 y2:   0 y1:   0 y0   0
RIGHT 0
x4:  14 x3:  15 x2:  16 x1:  17 x0  18 
y4:   0 y3:   0 y2:   0 y1:   0 y0   0
RIGHT 0
x4:  15 x3:  16 x2:  17 x1:  18 x0  19 
y4:   0 y3:   0 y2:   0 y1:   0 y0   0
RIGHT 0
x4:  16 x3:  17 x2:  18 x1:  19 x0  20 
y4:   0 y3:   0 y2:   0 y1:   0 y0   0
RIGHT 0
x4:  17 x3:  18 x2:  19 x1:  20 x0  21 
y4:   0 y3:   0 y2:   0 y1:   0 y0   0
RIGHT 0
x4:  18 x3:  19 x2:  20 x1:  21 x0  22 
y4:   0 y3:   0 y2:   0 y1:   0 y0   0
RIGHT 0
x4:  19 x3:  20 x2:  21 x1:  22 x0  23 
y4:   0 y3:   0 y2:   0 y1:   0 y0   0
RIGHT 0
x4:  20 x3:  21 x2:  22 x1:  23 x0  24 
y4:   0 y3:   0 y2:   0 y1:   0 y0   0
RIGHT 0
x4:  21 x3:  22 x2:  23 x1:  24 x0  25 
y4:   0 y3:   0 y2:   0 y1:   0 y0   0
ISim P.20131013 (signature 0xfbc00daa)
WARNING: A WEBPACK license was found.
WARNING: Please use Xilinx License Configuration Manager to check out a full ISim license.
WARNING: ISim will run in Lite mode. Please refer to the ISim documentation for more information on the differences between the Lite and the Full version.
This is a Lite version of ISim.
# run 1000 ns
Simulator is doing circuit initialization process.
Finished circuit initialization process.
x4:   0 x3:   0 x2:   0 x1:   0 x0   0 
y4:   0 y3:   0 y2:   0 y1:   0 y0   0
RIGHT 0
x4:   0 x3:   0 x2:   0 x1:   0 x0   1 
y4:   0 y3:   0 y2:   0 y1:   0 y0   0
RIGHT 0
x4:   0 x3:   0 x2:   0 x1:   1 x0   2 
y4:   0 y3:   0 y2:   0 y1:   0 y0   0
x4:   0 x3:   0 x2:   0 x1:   1 x0   2 
y4:   0 y3:   0 y2:   0 y1:   0 y0   0
RIGHT 0
x4:   0 x3:   0 x2:   1 x1:   2 x0   3 
y4:   0 y3:   0 y2:   0 y1:   0 y0   0
RIGHT 0
x4:   0 x3:   1 x2:   2 x1:   3 x0   4 
y4:   0 y3:   0 y2:   0 y1:   0 y0   0
RIGHT 0
x4:   1 x3:   2 x2:   3 x1:   4 x0   5 
y4:   0 y3:   0 y2:   0 y1:   0 y0   0
RIGHT 0
x4:   2 x3:   3 x2:   4 x1:   5 x0   6 
y4:   0 y3:   0 y2:   0 y1:   0 y0   0
RIGHT 0
x4:   3 x3:   4 x2:   5 x1:   6 x0   7 
y4:   0 y3:   0 y2:   0 y1:   0 y0   0
RIGHT 0
x4:   4 x3:   5 x2:   6 x1:   7 x0   8 
y4:   0 y3:   0 y2:   0 y1:   0 y0   0
RIGHT 0
x4:   5 x3:   6 x2:   7 x1:   8 x0   9 
y4:   0 y3:   0 y2:   0 y1:   0 y0   0
RIGHT 0
x4:   6 x3:   7 x2:   8 x1:   9 x0  10 
y4:   0 y3:   0 y2:   0 y1:   0 y0   0
RIGHT 0
x4:   7 x3:   8 x2:   9 x1:  10 x0  11 
y4:   0 y3:   0 y2:   0 y1:   0 y0   0
RIGHT 0
x4:   8 x3:   9 x2:  10 x1:  11 x0  12 
y4:   0 y3:   0 y2:   0 y1:   0 y0   0
RIGHT 0
x4:   9 x3:  10 x2:  11 x1:  12 x0  13 
y4:   0 y3:   0 y2:   0 y1:   0 y0   0
RIGHT 0
x4:  10 x3:  11 x2:  12 x1:  13 x0  14 
y4:   0 y3:   0 y2:   0 y1:   0 y0   0
RIGHT 0
x4:  11 x3:  12 x2:  13 x1:  14 x0  15 
y4:   0 y3:   0 y2:   0 y1:   0 y0   0
RIGHT 0
x4:  12 x3:  13 x2:  14 x1:  15 x0  16 
y4:   0 y3:   0 y2:   0 y1:   0 y0   0
RIGHT 0
x4:  13 x3:  14 x2:  15 x1:  16 x0  17 
y4:   0 y3:   0 y2:   0 y1:   0 y0   0
RIGHT 0
x4:  14 x3:  15 x2:  16 x1:  17 x0  18 
y4:   0 y3:   0 y2:   0 y1:   0 y0   0
RIGHT 0
x4:  15 x3:  16 x2:  17 x1:  18 x0  19 
y4:   0 y3:   0 y2:   0 y1:   0 y0   0
RIGHT 0
x4:  16 x3:  17 x2:  18 x1:  19 x0  20 
y4:   0 y3:   0 y2:   0 y1:   0 y0   0
RIGHT 0
x4:  17 x3:  18 x2:  19 x1:  20 x0  21 
y4:   0 y3:   0 y2:   0 y1:   0 y0   0
RIGHT 0
x4:  18 x3:  19 x2:  20 x1:  21 x0  22 
y4:   0 y3:   0 y2:   0 y1:   0 y0   0
RIGHT 0
x4:  19 x3:  20 x2:  21 x1:  22 x0  23 
y4:   0 y3:   0 y2:   0 y1:   0 y0   0
RIGHT 0
x4:  20 x3:  21 x2:  22 x1:  23 x0  24 
y4:   0 y3:   0 y2:   0 y1:   0 y0   0
RIGHT 0
x4:  21 x3:  22 x2:  23 x1:  24 x0  25 
y4:   0 y3:   0 y2:   0 y1:   0 y0   0
ISim P.20131013 (signature 0xfbc00daa)
WARNING: A WEBPACK license was found.
WARNING: Please use Xilinx License Configuration Manager to check out a full ISim license.
WARNING: ISim will run in Lite mode. Please refer to the ISim documentation for more information on the differences between the Lite and the Full version.
This is a Lite version of ISim.
# run 1000 ns
Simulator is doing circuit initialization process.
Finished circuit initialization process.
x4:   0 x3:   0 x2:   0 x1:   0 x0   0 
y4:   0 y3:   0 y2:   0 y1:   0 y0   0
RIGHT 0
RIGHT 0
x4:   0 x3:   0 x2:   0 x1:   1 x0   2 
y4:   0 y3:   0 y2:   0 y1:   0 y0   0
RIGHT 0
RIGHT 0
RIGHT 0
RIGHT 0
RIGHT 0
RIGHT 0
RIGHT 0
RIGHT 0
RIGHT 0
RIGHT 0
RIGHT 0
RIGHT 0
RIGHT 0
RIGHT 0
RIGHT 0
RIGHT 0
RIGHT 0
RIGHT 0
RIGHT 0
RIGHT 0
RIGHT 0
RIGHT 0
RIGHT 0
ISim P.20131013 (signature 0xfbc00daa)
WARNING: A WEBPACK license was found.
WARNING: Please use Xilinx License Configuration Manager to check out a full ISim license.
WARNING: ISim will run in Lite mode. Please refer to the ISim documentation for more information on the differences between the Lite and the Full version.
This is a Lite version of ISim.
# run 1000 ns
Simulator is doing circuit initialization process.
Finished circuit initialization process.
x4:   0 x3:   0 x2:   0 x1:   0 x0   0 
y4:   0 y3:   0 y2:   0 y1:   0 y0   0
RIGHT 0
x4:   0 x3:   0 x2:   0 x1:   0 x0   1 
y4:   0 y3:   0 y2:   0 y1:   0 y0   0
RIGHT 0
x4:   0 x3:   0 x2:   0 x1:   1 x0   2 
y4:   0 y3:   0 y2:   0 y1:   0 y0   0
x4:   0 x3:   0 x2:   0 x1:   1 x0   2 
y4:   0 y3:   0 y2:   0 y1:   0 y0   0
RIGHT 0
x4:   0 x3:   0 x2:   1 x1:   2 x0   3 
y4:   0 y3:   0 y2:   0 y1:   0 y0   0
RIGHT 0
x4:   0 x3:   1 x2:   2 x1:   3 x0   4 
y4:   0 y3:   0 y2:   0 y1:   0 y0   0
RIGHT 0
x4:   1 x3:   2 x2:   3 x1:   4 x0   5 
y4:   0 y3:   0 y2:   0 y1:   0 y0   0
RIGHT 0
x4:   2 x3:   3 x2:   4 x1:   5 x0   6 
y4:   0 y3:   0 y2:   0 y1:   0 y0   0
RIGHT 0
x4:   3 x3:   4 x2:   5 x1:   6 x0   7 
y4:   0 y3:   0 y2:   0 y1:   0 y0   0
RIGHT 0
x4:   4 x3:   5 x2:   6 x1:   7 x0   8 
y4:   0 y3:   0 y2:   0 y1:   0 y0   0
RIGHT 0
x4:   5 x3:   6 x2:   7 x1:   8 x0   9 
y4:   0 y3:   0 y2:   0 y1:   0 y0   0
RIGHT 0
x4:   6 x3:   7 x2:   8 x1:   9 x0  10 
y4:   0 y3:   0 y2:   0 y1:   0 y0   0
RIGHT 0
x4:   7 x3:   8 x2:   9 x1:  10 x0  11 
y4:   0 y3:   0 y2:   0 y1:   0 y0   0
RIGHT 0
x4:   8 x3:   9 x2:  10 x1:  11 x0  12 
y4:   0 y3:   0 y2:   0 y1:   0 y0   0
RIGHT 0
x4:   9 x3:  10 x2:  11 x1:  12 x0  13 
y4:   0 y3:   0 y2:   0 y1:   0 y0   0
RIGHT 0
x4:  10 x3:  11 x2:  12 x1:  13 x0  14 
y4:   0 y3:   0 y2:   0 y1:   0 y0   0
RIGHT 0
x4:  11 x3:  12 x2:  13 x1:  14 x0  15 
y4:   0 y3:   0 y2:   0 y1:   0 y0   0
RIGHT 0
x4:  12 x3:  13 x2:  14 x1:  15 x0  16 
y4:   0 y3:   0 y2:   0 y1:   0 y0   0
RIGHT 0
x4:  13 x3:  14 x2:  15 x1:  16 x0  17 
y4:   0 y3:   0 y2:   0 y1:   0 y0   0
RIGHT 0
x4:  14 x3:  15 x2:  16 x1:  17 x0  18 
y4:   0 y3:   0 y2:   0 y1:   0 y0   0
RIGHT 0
x4:  15 x3:  16 x2:  17 x1:  18 x0  19 
y4:   0 y3:   0 y2:   0 y1:   0 y0   0
RIGHT 0
x4:  16 x3:  17 x2:  18 x1:  19 x0  20 
y4:   0 y3:   0 y2:   0 y1:   0 y0   0
RIGHT 0
x4:  17 x3:  18 x2:  19 x1:  20 x0  21 
y4:   0 y3:   0 y2:   0 y1:   0 y0   0
RIGHT 0
x4:  18 x3:  19 x2:  20 x1:  21 x0  22 
y4:   0 y3:   0 y2:   0 y1:   0 y0   0
RIGHT 0
x4:  19 x3:  20 x2:  21 x1:  22 x0  23 
y4:   0 y3:   0 y2:   0 y1:   0 y0   0
RIGHT 0
x4:  20 x3:  21 x2:  22 x1:  23 x0  24 
y4:   0 y3:   0 y2:   0 y1:   0 y0   0
RIGHT 0
x4:  21 x3:  22 x2:  23 x1:  24 x0  25 
y4:   0 y3:   0 y2:   0 y1:   0 y0   0
ISim P.20131013 (signature 0xfbc00daa)
WARNING: A WEBPACK license was found.
WARNING: Please use Xilinx License Configuration Manager to check out a full ISim license.
WARNING: ISim will run in Lite mode. Please refer to the ISim documentation for more information on the differences between the Lite and the Full version.
This is a Lite version of ISim.
# run 1000 ns
Simulator is doing circuit initialization process.
Finished circuit initialization process.
x4:   0 x3:   0 x2:   0 x1:   0 x0   0 
y4:   0 y3:   0 y2:   0 y1:   0 y0   0
RIGHT 0
x4:   0 x3:   0 x2:   0 x1:   0 x0   1 
y4:   0 y3:   0 y2:   0 y1:   0 y0   0
RIGHT 0
x4:   0 x3:   0 x2:   0 x1:   1 x0   2 
y4:   0 y3:   0 y2:   0 y1:   0 y0   0
RIGHT 0
x4:   0 x3:   0 x2:   1 x1:   2 x0   3 
y4:   0 y3:   0 y2:   0 y1:   0 y0   0
RIGHT 0
x4:   0 x3:   1 x2:   2 x1:   3 x0   4 
y4:   0 y3:   0 y2:   0 y1:   0 y0   0
RIGHT 0
x4:   1 x3:   2 x2:   3 x1:   4 x0   5 
y4:   0 y3:   0 y2:   0 y1:   0 y0   0
RIGHT 0
x4:   2 x3:   3 x2:   4 x1:   5 x0   6 
y4:   0 y3:   0 y2:   0 y1:   0 y0   0
RIGHT 0
x4:   3 x3:   4 x2:   5 x1:   6 x0   7 
y4:   0 y3:   0 y2:   0 y1:   0 y0   0
RIGHT 0
x4:   4 x3:   5 x2:   6 x1:   7 x0   8 
y4:   0 y3:   0 y2:   0 y1:   0 y0   0
RIGHT 0
x4:   5 x3:   6 x2:   7 x1:   8 x0   9 
y4:   0 y3:   0 y2:   0 y1:   0 y0   0
RIGHT 0
x4:   6 x3:   7 x2:   8 x1:   9 x0  10 
y4:   0 y3:   0 y2:   0 y1:   0 y0   0
RIGHT 0
x4:   7 x3:   8 x2:   9 x1:  10 x0  11 
y4:   0 y3:   0 y2:   0 y1:   0 y0   0
RIGHT 0
x4:   8 x3:   9 x2:  10 x1:  11 x0  12 
y4:   0 y3:   0 y2:   0 y1:   0 y0   0
RIGHT 0
x4:   9 x3:  10 x2:  11 x1:  12 x0  13 
y4:   0 y3:   0 y2:   0 y1:   0 y0   0
RIGHT 0
x4:  10 x3:  11 x2:  12 x1:  13 x0  14 
y4:   0 y3:   0 y2:   0 y1:   0 y0   0
RIGHT 0
x4:  11 x3:  12 x2:  13 x1:  14 x0  15 
y4:   0 y3:   0 y2:   0 y1:   0 y0   0
RIGHT 0
x4:  12 x3:  13 x2:  14 x1:  15 x0  16 
y4:   0 y3:   0 y2:   0 y1:   0 y0   0
RIGHT 0
x4:  13 x3:  14 x2:  15 x1:  16 x0  17 
y4:   0 y3:   0 y2:   0 y1:   0 y0   0
RIGHT 0
x4:  14 x3:  15 x2:  16 x1:  17 x0  18 
y4:   0 y3:   0 y2:   0 y1:   0 y0   0
RIGHT 0
x4:  15 x3:  16 x2:  17 x1:  18 x0  19 
y4:   0 y3:   0 y2:   0 y1:   0 y0   0
RIGHT 0
x4:  16 x3:  17 x2:  18 x1:  19 x0  20 
y4:   0 y3:   0 y2:   0 y1:   0 y0   0
RIGHT 0
x4:  17 x3:  18 x2:  19 x1:  20 x0  21 
y4:   0 y3:   0 y2:   0 y1:   0 y0   0
RIGHT 0
x4:  18 x3:  19 x2:  20 x1:  21 x0  22 
y4:   0 y3:   0 y2:   0 y1:   0 y0   0
RIGHT 0
x4:  19 x3:  20 x2:  21 x1:  22 x0  23 
y4:   0 y3:   0 y2:   0 y1:   0 y0   0
RIGHT 0
x4:  20 x3:  21 x2:  22 x1:  23 x0  24 
y4:   0 y3:   0 y2:   0 y1:   0 y0   0
RIGHT 0
x4:  21 x3:  22 x2:  23 x1:  24 x0  25 
y4:   0 y3:   0 y2:   0 y1:   0 y0   0
ISim P.20131013 (signature 0xfbc00daa)
WARNING: A WEBPACK license was found.
WARNING: Please use Xilinx License Configuration Manager to check out a full ISim license.
WARNING: ISim will run in Lite mode. Please refer to the ISim documentation for more information on the differences between the Lite and the Full version.
This is a Lite version of ISim.
WARNING: File "/home/sabbir/Desktop/courses/CMPE415-Programmable-Logic-Devices/hw/hw04/modules/snake_pos_tb.v" Line 26.  For instance snake_pos_tb/snake_pos_instance/, width 1 of formal port interval is not equal to width 2 of actual variable interval. 
# run 1000 ns
Simulator is doing circuit initialization process.
Finished circuit initialization process.
x4:   0 x3:   0 x2:   0 x1:   0 x0   0 
y4:   0 y3:   0 y2:   0 y1:   0 y0   0
UP 3
x4:   0 x3:   0 x2:   0 x1:   0 x0   0 
y4:   0 y3:   0 y2:   0 y1:   0 y0   1
UP 3
x4:   0 x3:   0 x2:   0 x1:   0 x0   0 
y4:   0 y3:   0 y2:   0 y1:   1 y0   2
UP 3
x4:   0 x3:   0 x2:   0 x1:   0 x0   0 
y4:   0 y3:   0 y2:   1 y1:   2 y0   3
UP 3
x4:   0 x3:   0 x2:   0 x1:   0 x0   0 
y4:   0 y3:   1 y2:   2 y1:   3 y0   4
UP 3
x4:   0 x3:   0 x2:   0 x1:   0 x0   0 
y4:   1 y3:   2 y2:   3 y1:   4 y0   5
UP 3
x4:   0 x3:   0 x2:   0 x1:   0 x0   0 
y4:   2 y3:   3 y2:   4 y1:   5 y0   6
UP 3
x4:   0 x3:   0 x2:   0 x1:   0 x0   0 
y4:   3 y3:   4 y2:   5 y1:   6 y0   7
UP 3
x4:   0 x3:   0 x2:   0 x1:   0 x0   0 
y4:   4 y3:   5 y2:   6 y1:   7 y0   8
UP 3
x4:   0 x3:   0 x2:   0 x1:   0 x0   0 
y4:   5 y3:   6 y2:   7 y1:   8 y0   9
UP 3
x4:   0 x3:   0 x2:   0 x1:   0 x0   0 
y4:   6 y3:   7 y2:   8 y1:   9 y0  10
UP 3
x4:   0 x3:   0 x2:   0 x1:   0 x0   0 
y4:   7 y3:   8 y2:   9 y1:  10 y0  11
UP 3
x4:   0 x3:   0 x2:   0 x1:   0 x0   0 
y4:   8 y3:   9 y2:  10 y1:  11 y0  12
UP 3
x4:   0 x3:   0 x2:   0 x1:   0 x0   0 
y4:   9 y3:  10 y2:  11 y1:  12 y0  13
UP 3
x4:   0 x3:   0 x2:   0 x1:   0 x0   0 
y4:  10 y3:  11 y2:  12 y1:  13 y0  14
UP 3
x4:   0 x3:   0 x2:   0 x1:   0 x0   0 
y4:  11 y3:  12 y2:  13 y1:  14 y0  15
UP 3
x4:   0 x3:   0 x2:   0 x1:   0 x0   0 
y4:  12 y3:  13 y2:  14 y1:  15 y0  16
UP 3
x4:   0 x3:   0 x2:   0 x1:   0 x0   0 
y4:  13 y3:  14 y2:  15 y1:  16 y0  17
UP 3
x4:   0 x3:   0 x2:   0 x1:   0 x0   0 
y4:  14 y3:  15 y2:  16 y1:  17 y0  18
UP 3
x4:   0 x3:   0 x2:   0 x1:   0 x0   0 
y4:  15 y3:  16 y2:  17 y1:  18 y0  19
UP 3
x4:   0 x3:   0 x2:   0 x1:   0 x0   0 
y4:  16 y3:  17 y2:  18 y1:  19 y0  20
UP 3
x4:   0 x3:   0 x2:   0 x1:   0 x0   0 
y4:  17 y3:  18 y2:  19 y1:  20 y0  21
UP 3
x4:   0 x3:   0 x2:   0 x1:   0 x0   0 
y4:  18 y3:  19 y2:  20 y1:  21 y0  22
UP 3
x4:   0 x3:   0 x2:   0 x1:   0 x0   0 
y4:  19 y3:  20 y2:  21 y1:  22 y0  23
UP 3
x4:   0 x3:   0 x2:   0 x1:   0 x0   0 
y4:  20 y3:  21 y2:  22 y1:  23 y0  24
UP 3
x4:   0 x3:   0 x2:   0 x1:   0 x0   0 
y4:  21 y3:  22 y2:  23 y1:  24 y0  25
ISim P.20131013 (signature 0xfbc00daa)
WARNING: A WEBPACK license was found.
WARNING: Please use Xilinx License Configuration Manager to check out a full ISim license.
WARNING: ISim will run in Lite mode. Please refer to the ISim documentation for more information on the differences between the Lite and the Full version.
This is a Lite version of ISim.
WARNING: File "/home/sabbir/Desktop/courses/CMPE415-Programmable-Logic-Devices/hw/hw04/modules/snake_pos_tb.v" Line 26.  For instance snake_pos_tb/snake_pos_instance/, width 1 of formal port interval is not equal to width 2 of actual variable interval. 
# run 1000 ns
Simulator is doing circuit initialization process.
Finished circuit initialization process.
x4:   0 x3:   0 x2:   0 x1:   0 x0   0 
y4:   0 y3:   0 y2:   0 y1:   0 y0   0
RIGHT 0
x4:   0 x3:   0 x2:   0 x1:   0 x0   1 
y4:   0 y3:   0 y2:   0 y1:   0 y0   0
RIGHT 0
x4:   0 x3:   0 x2:   0 x1:   1 x0   2 
y4:   0 y3:   0 y2:   0 y1:   0 y0   0
x4:   0 x3:   0 x2:   0 x1:   1 x0   2 
y4:   0 y3:   0 y2:   0 y1:   0 y0   0
UP 3
x4:   0 x3:   0 x2:   1 x1:   2 x0   2 
y4:   0 y3:   0 y2:   0 y1:   0 y0   1
UP 3
x4:   0 x3:   1 x2:   2 x1:   2 x0   2 
y4:   0 y3:   0 y2:   0 y1:   1 y0   2
UP 3
x4:   1 x3:   2 x2:   2 x1:   2 x0   2 
y4:   0 y3:   0 y2:   1 y1:   2 y0   3
UP 3
x4:   2 x3:   2 x2:   2 x1:   2 x0   2 
y4:   0 y3:   1 y2:   2 y1:   3 y0   4
UP 3
x4:   2 x3:   2 x2:   2 x1:   2 x0   2 
y4:   1 y3:   2 y2:   3 y1:   4 y0   5
UP 3
x4:   2 x3:   2 x2:   2 x1:   2 x0   2 
y4:   2 y3:   3 y2:   4 y1:   5 y0   6
UP 3
x4:   2 x3:   2 x2:   2 x1:   2 x0   2 
y4:   3 y3:   4 y2:   5 y1:   6 y0   7
UP 3
x4:   2 x3:   2 x2:   2 x1:   2 x0   2 
y4:   4 y3:   5 y2:   6 y1:   7 y0   8
UP 3
x4:   2 x3:   2 x2:   2 x1:   2 x0   2 
y4:   5 y3:   6 y2:   7 y1:   8 y0   9
UP 3
x4:   2 x3:   2 x2:   2 x1:   2 x0   2 
y4:   6 y3:   7 y2:   8 y1:   9 y0  10
UP 3
x4:   2 x3:   2 x2:   2 x1:   2 x0   2 
y4:   7 y3:   8 y2:   9 y1:  10 y0  11
UP 3
x4:   2 x3:   2 x2:   2 x1:   2 x0   2 
y4:   8 y3:   9 y2:  10 y1:  11 y0  12
UP 3
x4:   2 x3:   2 x2:   2 x1:   2 x0   2 
y4:   9 y3:  10 y2:  11 y1:  12 y0  13
UP 3
x4:   2 x3:   2 x2:   2 x1:   2 x0   2 
y4:  10 y3:  11 y2:  12 y1:  13 y0  14
UP 3
x4:   2 x3:   2 x2:   2 x1:   2 x0   2 
y4:  11 y3:  12 y2:  13 y1:  14 y0  15
UP 3
x4:   2 x3:   2 x2:   2 x1:   2 x0   2 
y4:  12 y3:  13 y2:  14 y1:  15 y0  16
UP 3
x4:   2 x3:   2 x2:   2 x1:   2 x0   2 
y4:  13 y3:  14 y2:  15 y1:  16 y0  17
UP 3
x4:   2 x3:   2 x2:   2 x1:   2 x0   2 
y4:  14 y3:  15 y2:  16 y1:  17 y0  18
UP 3
x4:   2 x3:   2 x2:   2 x1:   2 x0   2 
y4:  15 y3:  16 y2:  17 y1:  18 y0  19
UP 3
x4:   2 x3:   2 x2:   2 x1:   2 x0   2 
y4:  16 y3:  17 y2:  18 y1:  19 y0  20
UP 3
x4:   2 x3:   2 x2:   2 x1:   2 x0   2 
y4:  17 y3:  18 y2:  19 y1:  20 y0  21
UP 3
x4:   2 x3:   2 x2:   2 x1:   2 x0   2 
y4:  18 y3:  19 y2:  20 y1:  21 y0  22
UP 3
x4:   2 x3:   2 x2:   2 x1:   2 x0   2 
y4:  19 y3:  20 y2:  21 y1:  22 y0  23
ISim P.20131013 (signature 0xfbc00daa)
WARNING: A WEBPACK license was found.
WARNING: Please use Xilinx License Configuration Manager to check out a full ISim license.
WARNING: ISim will run in Lite mode. Please refer to the ISim documentation for more information on the differences between the Lite and the Full version.
This is a Lite version of ISim.
WARNING: File "/home/sabbir/Desktop/courses/CMPE415-Programmable-Logic-Devices/hw/hw04/modules/snake_pos_tb.v" Line 26.  For instance snake_pos_tb/snake_pos_instance/, width 1 of formal port interval is not equal to width 2 of actual variable interval. 
# run 1000 ns
Simulator is doing circuit initialization process.
Finished circuit initialization process.
x4:   0 x3:   0 x2:   0 x1:   0 x0   0 
y4:   0 y3:   0 y2:   0 y1:   0 y0   0
RIGHT 0
x4:   0 x3:   0 x2:   0 x1:   0 x0   1 
y4:   0 y3:   0 y2:   0 y1:   0 y0   0
RIGHT 0
x4:   0 x3:   0 x2:   0 x1:   1 x0   2 
y4:   0 y3:   0 y2:   0 y1:   0 y0   0
x4:   0 x3:   0 x2:   0 x1:   1 x0   2 
y4:   0 y3:   0 y2:   0 y1:   0 y0   0
UP 3
x4:   0 x3:   0 x2:   1 x1:   2 x0   2 
y4:   0 y3:   0 y2:   0 y1:   0 y0   1
UP 3
x4:   0 x3:   1 x2:   2 x1:   2 x0   2 
y4:   0 y3:   0 y2:   0 y1:   1 y0   2
UP 3
x4:   1 x3:   2 x2:   2 x1:   2 x0   2 
y4:   0 y3:   0 y2:   1 y1:   2 y0   3
UP 3
x4:   2 x3:   2 x2:   2 x1:   2 x0   2 
y4:   0 y3:   1 y2:   2 y1:   3 y0   4
UP 3
x4:   2 x3:   2 x2:   2 x1:   2 x0   2 
y4:   1 y3:   2 y2:   3 y1:   4 y0   5
UP 3
x4:   2 x3:   2 x2:   2 x1:   2 x0   2 
y4:   2 y3:   3 y2:   4 y1:   5 y0   6
UP 3
x4:   2 x3:   2 x2:   2 x1:   2 x0   2 
y4:   3 y3:   4 y2:   5 y1:   6 y0   7
UP 3
x4:   2 x3:   2 x2:   2 x1:   2 x0   2 
y4:   4 y3:   5 y2:   6 y1:   7 y0   8
UP 3
x4:   2 x3:   2 x2:   2 x1:   2 x0   2 
y4:   5 y3:   6 y2:   7 y1:   8 y0   9
UP 3
x4:   2 x3:   2 x2:   2 x1:   2 x0   2 
y4:   6 y3:   7 y2:   8 y1:   9 y0  10
UP 3
x4:   2 x3:   2 x2:   2 x1:   2 x0   2 
y4:   7 y3:   8 y2:   9 y1:  10 y0  11
UP 3
x4:   2 x3:   2 x2:   2 x1:   2 x0   2 
y4:   8 y3:   9 y2:  10 y1:  11 y0  12
UP 3
x4:   2 x3:   2 x2:   2 x1:   2 x0   2 
y4:   9 y3:  10 y2:  11 y1:  12 y0  13
UP 3
x4:   2 x3:   2 x2:   2 x1:   2 x0   2 
y4:  10 y3:  11 y2:  12 y1:  13 y0  14
UP 3
x4:   2 x3:   2 x2:   2 x1:   2 x0   2 
y4:  11 y3:  12 y2:  13 y1:  14 y0  15
UP 3
x4:   2 x3:   2 x2:   2 x1:   2 x0   2 
y4:  12 y3:  13 y2:  14 y1:  15 y0  16
UP 3
x4:   2 x3:   2 x2:   2 x1:   2 x0   2 
y4:  13 y3:  14 y2:  15 y1:  16 y0  17
UP 3
x4:   2 x3:   2 x2:   2 x1:   2 x0   2 
y4:  14 y3:  15 y2:  16 y1:  17 y0  18
UP 3
x4:   2 x3:   2 x2:   2 x1:   2 x0   2 
y4:  15 y3:  16 y2:  17 y1:  18 y0  19
UP 3
x4:   2 x3:   2 x2:   2 x1:   2 x0   2 
y4:  16 y3:  17 y2:  18 y1:  19 y0  20
UP 3
x4:   2 x3:   2 x2:   2 x1:   2 x0   2 
y4:  17 y3:  18 y2:  19 y1:  20 y0  21
UP 3
x4:   2 x3:   2 x2:   2 x1:   2 x0   2 
y4:  18 y3:  19 y2:  20 y1:  21 y0  22
UP 3
x4:   2 x3:   2 x2:   2 x1:   2 x0   2 
y4:  19 y3:  20 y2:  21 y1:  22 y0  23
ISim P.20131013 (signature 0xfbc00daa)
WARNING: A WEBPACK license was found.
WARNING: Please use Xilinx License Configuration Manager to check out a full ISim license.
WARNING: ISim will run in Lite mode. Please refer to the ISim documentation for more information on the differences between the Lite and the Full version.
This is a Lite version of ISim.
WARNING: File "/home/sabbir/Desktop/courses/CMPE415-Programmable-Logic-Devices/hw/hw04/modules/snake_pos_tb.v" Line 26.  For instance snake_pos_tb/snake_pos_instance/, width 1 of formal port interval is not equal to width 2 of actual variable interval. 
# run 1000 ns
Simulator is doing circuit initialization process.
Finished circuit initialization process.
x4:   0 x3:   0 x2:   0 x1:   0 x0   0 
y4:   0 y3:   0 y2:   0 y1:   0 y0   0
RIGHT 0
RIGHT 0
x4:   0 x3:   0 x2:   0 x1:   1 x0   2 
y4:   0 y3:   0 y2:   0 y1:   0 y0   0
UP 3
UP 3
UP 3
UP 3
UP 3
UP 3
UP 3
UP 3
UP 3
UP 3
UP 3
UP 3
UP 3
UP 3
UP 3
UP 3
UP 3
UP 3
UP 3
UP 3
UP 3
UP 3
UP 3
ISim P.20131013 (signature 0xfbc00daa)
WARNING: A WEBPACK license was found.
WARNING: Please use Xilinx License Configuration Manager to check out a full ISim license.
WARNING: ISim will run in Lite mode. Please refer to the ISim documentation for more information on the differences between the Lite and the Full version.
This is a Lite version of ISim.
WARNING: File "/home/sabbir/Desktop/courses/CMPE415-Programmable-Logic-Devices/hw/hw04/modules/snake_pos_tb.v" Line 26.  For instance snake_pos_tb/snake_pos_instance/, width 1 of formal port interval is not equal to width 2 of actual variable interval. 
# run 1000 ns
Simulator is doing circuit initialization process.
Finished circuit initialization process.
x4:   0 x3:   0 x2:   0 x1:   0 x0   0 
y4:   0 y3:   0 y2:   0 y1:   0 y0   0
RIGHT 0
x4:   0 x3:   0 x2:   0 x1:   0 x0   1 
y4:   0 y3:   0 y2:   0 y1:   0 y0   0
RIGHT 0
x4:   0 x3:   0 x2:   0 x1:   1 x0   2 
y4:   0 y3:   0 y2:   0 y1:   0 y0   0
x4:   0 x3:   0 x2:   0 x1:   1 x0   2 
y4:   0 y3:   0 y2:   0 y1:   0 y0   0
UP 3
x4:   0 x3:   0 x2:   1 x1:   2 x0   2 
y4:   0 y3:   0 y2:   0 y1:   0 y0   1
UP 3
x4:   0 x3:   1 x2:   2 x1:   2 x0   2 
y4:   0 y3:   0 y2:   0 y1:   1 y0   2
UP 3
x4:   1 x3:   2 x2:   2 x1:   2 x0   2 
y4:   0 y3:   0 y2:   1 y1:   2 y0   3
UP 3
x4:   2 x3:   2 x2:   2 x1:   2 x0   2 
y4:   0 y3:   1 y2:   2 y1:   3 y0   4
UP 3
x4:   2 x3:   2 x2:   2 x1:   2 x0   2 
y4:   1 y3:   2 y2:   3 y1:   4 y0   5
UP 3
x4:   2 x3:   2 x2:   2 x1:   2 x0   2 
y4:   2 y3:   3 y2:   4 y1:   5 y0   6
UP 3
x4:   2 x3:   2 x2:   2 x1:   2 x0   2 
y4:   3 y3:   4 y2:   5 y1:   6 y0   7
UP 3
x4:   2 x3:   2 x2:   2 x1:   2 x0   2 
y4:   4 y3:   5 y2:   6 y1:   7 y0   8
UP 3
x4:   2 x3:   2 x2:   2 x1:   2 x0   2 
y4:   5 y3:   6 y2:   7 y1:   8 y0   9
UP 3
x4:   2 x3:   2 x2:   2 x1:   2 x0   2 
y4:   6 y3:   7 y2:   8 y1:   9 y0  10
UP 3
x4:   2 x3:   2 x2:   2 x1:   2 x0   2 
y4:   7 y3:   8 y2:   9 y1:  10 y0  11
UP 3
x4:   2 x3:   2 x2:   2 x1:   2 x0   2 
y4:   8 y3:   9 y2:  10 y1:  11 y0  12
UP 3
x4:   2 x3:   2 x2:   2 x1:   2 x0   2 
y4:   9 y3:  10 y2:  11 y1:  12 y0  13
UP 3
x4:   2 x3:   2 x2:   2 x1:   2 x0   2 
y4:  10 y3:  11 y2:  12 y1:  13 y0  14
UP 3
x4:   2 x3:   2 x2:   2 x1:   2 x0   2 
y4:  11 y3:  12 y2:  13 y1:  14 y0  15
UP 3
x4:   2 x3:   2 x2:   2 x1:   2 x0   2 
y4:  12 y3:  13 y2:  14 y1:  15 y0  16
UP 3
x4:   2 x3:   2 x2:   2 x1:   2 x0   2 
y4:  13 y3:  14 y2:  15 y1:  16 y0  17
UP 3
x4:   2 x3:   2 x2:   2 x1:   2 x0   2 
y4:  14 y3:  15 y2:  16 y1:  17 y0  18
UP 3
x4:   2 x3:   2 x2:   2 x1:   2 x0   2 
y4:  15 y3:  16 y2:  17 y1:  18 y0  19
UP 3
x4:   2 x3:   2 x2:   2 x1:   2 x0   2 
y4:  16 y3:  17 y2:  18 y1:  19 y0  20
UP 3
x4:   2 x3:   2 x2:   2 x1:   2 x0   2 
y4:  17 y3:  18 y2:  19 y1:  20 y0  21
UP 3
x4:   2 x3:   2 x2:   2 x1:   2 x0   2 
y4:  18 y3:  19 y2:  20 y1:  21 y0  22
UP 3
x4:   2 x3:   2 x2:   2 x1:   2 x0   2 
y4:  19 y3:  20 y2:  21 y1:  22 y0  23
ISim P.20131013 (signature 0xfbc00daa)
WARNING: A WEBPACK license was found.
WARNING: Please use Xilinx License Configuration Manager to check out a full ISim license.
WARNING: ISim will run in Lite mode. Please refer to the ISim documentation for more information on the differences between the Lite and the Full version.
This is a Lite version of ISim.
WARNING: File "/home/sabbir/Desktop/courses/CMPE415-Programmable-Logic-Devices/hw/hw04/modules/snake_pos_tb.v" Line 26.  For instance snake_pos_tb/snake_pos_instance/, width 1 of formal port interval is not equal to width 2 of actual variable interval. 
# run 1000 ns
Simulator is doing circuit initialization process.
Finished circuit initialization process.
x4:   0 x3:   0 x2:   0 x1:   0 x0   0 
y4:   0 y3:   0 y2:   0 y1:   0 y0   0
RIGHT 0
x4:   0 x3:   0 x2:   0 x1:   0 x0   1 
y4:   0 y3:   0 y2:   0 y1:   0 y0   0
RIGHT 0
x4:   0 x3:   0 x2:   0 x1:   1 x0   2 
y4:   0 y3:   0 y2:   0 y1:   0 y0   0
x4:   0 x3:   0 x2:   0 x1:   1 x0   2 
y4:   0 y3:   0 y2:   0 y1:   0 y0   0
x4:   0 x3:   0 x2:   1 x1:   2 x0   2 
y4:   0 y3:   0 y2:   0 y1:   0 y0   0
x4:   0 x3:   1 x2:   2 x1:   2 x0   2 
y4:   0 y3:   0 y2:   0 y1:   0 y0   0
x4:   1 x3:   2 x2:   2 x1:   2 x0   2 
y4:   0 y3:   0 y2:   0 y1:   0 y0   0
x4:   2 x3:   2 x2:   2 x1:   2 x0   2 
y4:   0 y3:   0 y2:   0 y1:   0 y0   0
ISim P.20131013 (signature 0xfbc00daa)
WARNING: A WEBPACK license was found.
WARNING: Please use Xilinx License Configuration Manager to check out a full ISim license.
WARNING: ISim will run in Lite mode. Please refer to the ISim documentation for more information on the differences between the Lite and the Full version.
This is a Lite version of ISim.
WARNING: File "/home/sabbir/Desktop/courses/CMPE415-Programmable-Logic-Devices/hw/hw04/modules/snake_pos_tb.v" Line 26.  For instance snake_pos_tb/snake_pos_instance/, width 1 of formal port interval is not equal to width 2 of actual variable interval. 
# run 1000 ns
Simulator is doing circuit initialization process.
Finished circuit initialization process.
x4:   0 x3:   0 x2:   0 x1:   0 x0   0 
y4:   0 y3:   0 y2:   0 y1:   0 y0   0
RIGHT 0
x4:   0 x3:   0 x2:   0 x1:   0 x0   1 
y4:   0 y3:   0 y2:   0 y1:   0 y0   0
RIGHT 0
x4:   0 x3:   0 x2:   0 x1:   1 x0   2 
y4:   0 y3:   0 y2:   0 y1:   0 y0   0
x4:   0 x3:   0 x2:   0 x1:   1 x0   2 
y4:   0 y3:   0 y2:   0 y1:   0 y0   0
x4:   0 x3:   0 x2:   1 x1:   2 x0   2 
y4:   0 y3:   0 y2:   0 y1:   0 y0   0
x4:   0 x3:   1 x2:   2 x1:   2 x0   2 
y4:   0 y3:   0 y2:   0 y1:   0 y0   0
x4:   1 x3:   2 x2:   2 x1:   2 x0   2 
y4:   0 y3:   0 y2:   0 y1:   0 y0   0
x4:   2 x3:   2 x2:   2 x1:   2 x0   2 
y4:   0 y3:   0 y2:   0 y1:   0 y0   0
ISim P.20131013 (signature 0xfbc00daa)
WARNING: A WEBPACK license was found.
WARNING: Please use Xilinx License Configuration Manager to check out a full ISim license.
WARNING: ISim will run in Lite mode. Please refer to the ISim documentation for more information on the differences between the Lite and the Full version.
This is a Lite version of ISim.
WARNING: File "/home/sabbir/Desktop/courses/CMPE415-Programmable-Logic-Devices/hw/hw04/modules/snake_pos_tb.v" Line 26.  For instance snake_pos_tb/snake_pos_instance/, width 1 of formal port interval is not equal to width 2 of actual variable interval. 
# run 1000 ns
Simulator is doing circuit initialization process.
Finished circuit initialization process.
x4:   0 x3:   0 x2:   0 x1:   0 x0   0 
y4:   0 y3:   0 y2:   0 y1:   0 y0   0
RIGHT 0
x4:   0 x3:   0 x2:   0 x1:   0 x0   1 
y4:   0 y3:   0 y2:   0 y1:   0 y0   0
RIGHT 0
x4:   0 x3:   0 x2:   0 x1:   1 x0   2 
y4:   0 y3:   0 y2:   0 y1:   0 y0   0
x4:   0 x3:   0 x2:   0 x1:   1 x0   2 
y4:   0 y3:   0 y2:   0 y1:   0 y0   0
UP 3
x4:   0 x3:   0 x2:   1 x1:   2 x0   2 
y4:   0 y3:   0 y2:   0 y1:   0 y0   1
UP 3
x4:   0 x3:   1 x2:   2 x1:   2 x0   2 
y4:   0 y3:   0 y2:   0 y1:   1 y0   2
UP 3
x4:   1 x3:   2 x2:   2 x1:   2 x0   2 
y4:   0 y3:   0 y2:   1 y1:   2 y0   3
UP 3
x4:   2 x3:   2 x2:   2 x1:   2 x0   2 
y4:   0 y3:   1 y2:   2 y1:   3 y0   4
UP 3
x4:   2 x3:   2 x2:   2 x1:   2 x0   2 
y4:   1 y3:   2 y2:   3 y1:   4 y0   5
x4:   2 x3:   2 x2:   2 x1:   2 x0   2 
y4:   2 y3:   3 y2:   4 y1:   5 y0   5
x4:   2 x3:   2 x2:   2 x1:   2 x0   2 
y4:   3 y3:   4 y2:   5 y1:   5 y0   5
x4:   2 x3:   2 x2:   2 x1:   2 x0   2 
y4:   4 y3:   5 y2:   5 y1:   5 y0   5
x4:   2 x3:   2 x2:   2 x1:   2 x0   2 
y4:   5 y3:   5 y2:   5 y1:   5 y0   5
ISim P.20131013 (signature 0xfbc00daa)
WARNING: A WEBPACK license was found.
WARNING: Please use Xilinx License Configuration Manager to check out a full ISim license.
WARNING: ISim will run in Lite mode. Please refer to the ISim documentation for more information on the differences between the Lite and the Full version.
This is a Lite version of ISim.
WARNING: File "/home/sabbir/Desktop/courses/CMPE415-Programmable-Logic-Devices/hw/hw04/modules/snake_pos_tb.v" Line 26.  For instance snake_pos_tb/snake_pos_instance/, width 1 of formal port interval is not equal to width 2 of actual variable interval. 
# run 1000 ns
Simulator is doing circuit initialization process.
Finished circuit initialization process.
x4:   0 x3:   0 x2:   0 x1:   0 x0   0 y4:   0 y3:   0 y2:   0 y1:   0 y0   0
RIGHT 0
x4:   0 x3:   0 x2:   0 x1:   0 x0   1 y4:   0 y3:   0 y2:   0 y1:   0 y0   0
RIGHT 0
x4:   0 x3:   0 x2:   0 x1:   1 x0   2 y4:   0 y3:   0 y2:   0 y1:   0 y0   0
x4:   0 x3:   0 x2:   0 x1:   1 x0   2 y4:   0 y3:   0 y2:   0 y1:   0 y0   0
UP 3
x4:   0 x3:   0 x2:   1 x1:   2 x0   2 y4:   0 y3:   0 y2:   0 y1:   0 y0   1
UP 3
x4:   0 x3:   1 x2:   2 x1:   2 x0   2 y4:   0 y3:   0 y2:   0 y1:   1 y0   2
UP 3
x4:   1 x3:   2 x2:   2 x1:   2 x0   2 y4:   0 y3:   0 y2:   1 y1:   2 y0   3
UP 3
x4:   2 x3:   2 x2:   2 x1:   2 x0   2 y4:   0 y3:   1 y2:   2 y1:   3 y0   4
UP 3
x4:   2 x3:   2 x2:   2 x1:   2 x0   2 y4:   1 y3:   2 y2:   3 y1:   4 y0   5
x4:   2 x3:   2 x2:   2 x1:   2 x0   2 y4:   2 y3:   3 y2:   4 y1:   5 y0   5
x4:   2 x3:   2 x2:   2 x1:   2 x0   2 y4:   3 y3:   4 y2:   5 y1:   5 y0   5
x4:   2 x3:   2 x2:   2 x1:   2 x0   2 y4:   4 y3:   5 y2:   5 y1:   5 y0   5
x4:   2 x3:   2 x2:   2 x1:   2 x0   2 y4:   5 y3:   5 y2:   5 y1:   5 y0   5
ISim P.20131013 (signature 0xfbc00daa)
WARNING: A WEBPACK license was found.
WARNING: Please use Xilinx License Configuration Manager to check out a full ISim license.
WARNING: ISim will run in Lite mode. Please refer to the ISim documentation for more information on the differences between the Lite and the Full version.
This is a Lite version of ISim.
WARNING: File "/home/sabbir/Desktop/courses/CMPE415-Programmable-Logic-Devices/hw/hw04/modules/snake_pos_tb.v" Line 26.  For instance snake_pos_tb/snake_pos_instance/, width 1 of formal port interval is not equal to width 2 of actual variable interval. 
# run 1000 ns
Simulator is doing circuit initialization process.
Finished circuit initialization process.
x4:   0 x3:   0 x2:   0 x1:   0 x0   0 y4:   0 y3:   0 y2:   0 y1:   0 y0   0
RIGHT 0
x4:   0 x3:   0 x2:   0 x1:   0 x0   1 y4:   0 y3:   0 y2:   0 y1:   0 y0   0
RIGHT 0
x4:   0 x3:   0 x2:   0 x1:   1 x0   2 y4:   0 y3:   0 y2:   0 y1:   0 y0   0
x4:   0 x3:   0 x2:   0 x1:   1 x0   2 y4:   0 y3:   0 y2:   0 y1:   0 y0   0
UP 3
x4:   0 x3:   0 x2:   1 x1:   2 x0   2 y4:   0 y3:   0 y2:   0 y1:   0 y0   1
UP 3
x4:   0 x3:   1 x2:   2 x1:   2 x0   2 y4:   0 y3:   0 y2:   0 y1:   1 y0   2
UP 3
x4:   1 x3:   2 x2:   2 x1:   2 x0   2 y4:   0 y3:   0 y2:   1 y1:   2 y0   3
UP 3
x4:   2 x3:   2 x2:   2 x1:   2 x0   2 y4:   0 y3:   1 y2:   2 y1:   3 y0   4
UP 3
x4:   2 x3:   2 x2:   2 x1:   2 x0   2 y4:   1 y3:   2 y2:   3 y1:   4 y0   5
x4:   2 x3:   2 x2:   2 x1:   2 x0   2 y4:   2 y3:   3 y2:   4 y1:   5 y0   5
x4:   2 x3:   2 x2:   2 x1:   2 x0   2 y4:   3 y3:   4 y2:   5 y1:   5 y0   5
x4:   2 x3:   2 x2:   2 x1:   2 x0   2 y4:   4 y3:   5 y2:   5 y1:   5 y0   5
x4:   2 x3:   2 x2:   2 x1:   2 x0   2 y4:   5 y3:   5 y2:   5 y1:   5 y0   5
# exit 0
