Command line:
   part01_isim_beh.exe
     -simmode  gui
     -simrunnum  1
     -socket  41301

Mon Oct  2 22:12:34 2017


 Elaboration Time: 0.01 sec

 Current Memory Usage: 196.03 Meg

 Total Signals          : 16
 Total Nets             : 18
 Total Signal Drivers   : 7
 Total Blocks           : 2
 Total Primitive Blocks : 2
 Total Processes        : 9
 Total Traceable Variables  : 20
 Total Scalar Nets and Variables : 100
Total Line Count : 26

 Total Simulation Time: 0.05 sec

 Current Memory Usage: 271.532 Meg

Mon Oct  2 22:12:50 2017

