Command line:
   top_tb_isim_beh.exe
     -simmode  gui
     -simrunnum  0
     -socket  56087

Thu Oct 12 16:26:58 2017


 Elaboration Time: 0.01 sec

 Current Memory Usage: 196.039 Meg

 Total Signals          : 52
 Total Nets             : 39
 Total Signal Drivers   : 17
 Total Blocks           : 6
 Total Primitive Blocks : 4
 Total Processes        : 30
 Total Traceable Variables  : 32
 Total Scalar Nets and Variables : 189
Total Line Count : 84

 Total Simulation Time: 0.02 sec

 Current Memory Usage: 271.54 Meg

Thu Oct 12 16:28:47 2017

