Command line:
   igniter_tb_isim_beh.exe
     -simmode  gui
     -simrunnum  1
     -socket  47820

Fri Oct 13 15:29:44 2017


 Elaboration Time: 0.02 sec

 Current Memory Usage: 196.035 Meg

 Total Signals          : 18
 Total Nets             : 23
 Total Signal Drivers   : 10
 Total Blocks           : 3
 Total Primitive Blocks : 2
 Total Processes        : 15
 Total Traceable Variables  : 23
 Total Scalar Nets and Variables : 113
Total Line Count : 49

 Total Simulation Time: 0.02 sec

 Current Memory Usage: 271.536 Meg

Fri Oct 13 15:29:54 2017

