Command line:
   snake_pos_tb_isim_beh.exe
     -simmode  gui
     -simrunnum  0
     -socket  39505

Fri Oct 27 00:14:47 2017


 Elaboration Time: 0.01 sec

 Current Memory Usage: 196.035 Meg

 Total Signals          : 28
 Total Nets             : 109
 Total Signal Drivers   : 20
 Total Blocks           : 3
 Total Primitive Blocks : 2
 Total Processes        : 26
 Total Traceable Variables  : 35
 Total Scalar Nets and Variables : 304
Total Line Count : 52

 Total Simulation Time: 0.02 sec

 Current Memory Usage: 271.536 Meg

Fri Oct 27 00:16:34 2017

