Command line:
   part03_tb_isim_beh.exe
     -simmode  gui
     -simrunnum  0
     -socket  38510

Tue Oct  3 14:23:57 2017


 Elaboration Time: 0.01 sec

 Current Memory Usage: 196.035 Meg

 Total Signals          : 16
 Total Nets             : 19
 Total Signal Drivers   : 8
 Total Blocks           : 3
 Total Primitive Blocks : 2
 Total Processes        : 11
 Total Traceable Variables  : 21
 Total Scalar Nets and Variables : 105
Total Line Count : 73

 Total Simulation Time: 0.03 sec

 Current Memory Usage: 271.536 Meg

Tue Oct  3 14:31:45 2017

