Release 14.7 - xst P.20131013 (lin64)
Copyright (c) 1995-2013 Xilinx, Inc.  All rights reserved.
--> 
Parameter TMPDIR set to xst/projnav.tmp


Total REAL time to Xst completion: 0.00 secs
Total CPU time to Xst completion: 0.05 secs
 
--> 
Parameter xsthdpdir set to xst


Total REAL time to Xst completion: 0.00 secs
Total CPU time to Xst completion: 0.05 secs
 
--> 
Reading design: top.prj

TABLE OF CONTENTS
  1) Synthesis Options Summary
  2) HDL Compilation
  3) Design Hierarchy Analysis
  4) HDL Analysis
  5) HDL Synthesis
     5.1) HDL Synthesis Report
  6) Advanced HDL Synthesis
     6.1) Advanced HDL Synthesis Report
  7) Low Level Synthesis
  8) Partition Report
  9) Final Report
	9.1) Device utilization summary
	9.2) Partition Resource Summary
	9.3) TIMING REPORT


=========================================================================
*                      Synthesis Options Summary                        *
=========================================================================
---- Source Parameters
Input File Name                    : "top.prj"
Input Format                       : mixed
Ignore Synthesis Constraint File   : NO

---- Target Parameters
Output File Name                   : "top"
Output Format                      : NGC
Target Device                      : xc3s500e-4-fg320

---- Source Options
Top Module Name                    : top
Automatic FSM Extraction           : YES
FSM Encoding Algorithm             : Auto
Safe Implementation                : No
FSM Style                          : LUT
RAM Extraction                     : Yes
RAM Style                          : Auto
ROM Extraction                     : Yes
Mux Style                          : Auto
Decoder Extraction                 : YES
Priority Encoder Extraction        : Yes
Shift Register Extraction          : YES
Logical Shifter Extraction         : YES
XOR Collapsing                     : YES
ROM Style                          : Auto
Mux Extraction                     : Yes
Resource Sharing                   : YES
Asynchronous To Synchronous        : NO
Multiplier Style                   : Auto
Automatic Register Balancing       : No

---- Target Options
Add IO Buffers                     : YES
Global Maximum Fanout              : 500
Add Generic Clock Buffer(BUFG)     : 24
Register Duplication               : YES
Slice Packing                      : YES
Optimize Instantiated Primitives   : NO
Use Clock Enable                   : Yes
Use Synchronous Set                : Yes
Use Synchronous Reset              : Yes
Pack IO Registers into IOBs        : Auto
Equivalent register Removal        : YES

---- General Options
Optimization Goal                  : Speed
Optimization Effort                : 1
Keep Hierarchy                     : No
Netlist Hierarchy                  : As_Optimized
RTL Output                         : Yes
Global Optimization                : AllClockNets
Read Cores                         : YES
Write Timing Constraints           : NO
Cross Clock Analysis               : NO
Hierarchy Separator                : /
Bus Delimiter                      : <>
Case Specifier                     : Maintain
Slice Utilization Ratio            : 100
BRAM Utilization Ratio             : 100
Verilog 2001                       : YES
Auto BRAM Packing                  : NO
Slice Utilization Ratio Delta      : 5

=========================================================================


=========================================================================
*                          HDL Compilation                              *
=========================================================================
Compiling verilog file "vga_sync.v" in library work
Compiling verilog file "vga_rectangle.v" in library work
Module <vga_sync> compiled
Compiling verilog file "top.vf" in library work
Module <vga_rectangle> compiled
Module <top> compiled
No errors in compilation
Analysis of file <"top.prj"> succeeded.
 

=========================================================================
*                     Design Hierarchy Analysis                         *
=========================================================================
Analyzing hierarchy for module <top> in library <work>.

Analyzing hierarchy for module <vga_sync> in library <work>.

Analyzing hierarchy for module <vga_rectangle> in library <work> with parameters.
	HEIGHT = "00000000000000000000000001100100"
	WIDTH = "00000000000000000000000000010100"
	X_LEFT = "00000000000000000000000101000000"
	Y_BOTTOM = "00000000000000000000000011110000"


=========================================================================
*                            HDL Analysis                               *
=========================================================================
Analyzing top module <top>.
Module <top> is correct for synthesis.
 
Analyzing module <vga_sync> in library <work>.
Module <vga_sync> is correct for synthesis.
 
Analyzing module <vga_rectangle> in library <work>.
	HEIGHT = 32'sb00000000000000000000000001100100
	WIDTH = 32'sb00000000000000000000000000010100
	X_LEFT = 32'sb00000000000000000000000101000000
	Y_BOTTOM = 32'sb00000000000000000000000011110000
Module <vga_rectangle> is correct for synthesis.
 

=========================================================================
*                           HDL Synthesis                               *
=========================================================================

Performing bidirectional port resolution...

Synthesizing Unit <vga_sync>.
    Related source file is "vga_sync.v".
    Found 10-bit up counter for signal <vcount>.
    Found 1-bit register for signal <vsync>.
    Found 10-bit up counter for signal <hcount>.
    Found 1-bit register for signal <hsync>.
    Found 1-bit register for signal <hblank>.
    Found 1-bit register for signal <pcount>.
    Found 1-bit register for signal <vblank>.
    Summary:
	inferred   2 Counter(s).
	inferred   5 D-type flip-flop(s).
Unit <vga_sync> synthesized.


Synthesizing Unit <vga_rectangle>.
    Related source file is "vga_rectangle.v".
    Found 1-bit register for signal <blue>.
    Found 1-bit register for signal <green>.
    Found 1-bit register for signal <red>.
    Found 10-bit comparator greatequal for signal <flag_on_rect$cmp_ge0000> created at line 49.
    Found 10-bit comparator greatequal for signal <flag_on_rect$cmp_ge0001> created at line 49.
    Found 10-bit comparator less for signal <flag_on_rect$cmp_lt0000> created at line 49.
    Found 10-bit comparator less for signal <flag_on_rect$cmp_lt0001> created at line 49.
    Found 10-bit adder for signal <y>.
    Summary:
	inferred   3 D-type flip-flop(s).
	inferred   1 Adder/Subtractor(s).
	inferred   4 Comparator(s).
Unit <vga_rectangle> synthesized.


Synthesizing Unit <top>.
    Related source file is "top.vf".
Unit <top> synthesized.


=========================================================================
HDL Synthesis Report

Macro Statistics
# Adders/Subtractors                                   : 1
 10-bit adder                                          : 1
# Counters                                             : 2
 10-bit up counter                                     : 2
# Registers                                            : 8
 1-bit register                                        : 8
# Comparators                                          : 4
 10-bit comparator greatequal                          : 2
 10-bit comparator less                                : 2

=========================================================================

=========================================================================
*                       Advanced HDL Synthesis                          *
=========================================================================


=========================================================================
Advanced HDL Synthesis Report

Macro Statistics
# Adders/Subtractors                                   : 1
 10-bit adder                                          : 1
# Counters                                             : 2
 10-bit up counter                                     : 2
# Registers                                            : 8
 Flip-Flops                                            : 8
# Comparators                                          : 4
 10-bit comparator greatequal                          : 2
 10-bit comparator less                                : 2

=========================================================================

=========================================================================
*                         Low Level Synthesis                           *
=========================================================================

Optimizing unit <top> ...

Optimizing unit <vga_sync> ...

Optimizing unit <vga_rectangle> ...

Mapping all equations...
Building and optimizing final netlist ...
Found area constraint ratio of 100 (+ 5) on block top, actual ratio is 0.

Final Macro Processing ...

=========================================================================
Final Register Report

Macro Statistics
# Registers                                            : 28
 Flip-Flops                                            : 28

=========================================================================

=========================================================================
*                           Partition Report                            *
=========================================================================

Partition Implementation Status
-------------------------------

  No Partitions were found in this design.

-------------------------------

=========================================================================
*                            Final Report                               *
=========================================================================
Final Results
RTL Top Level Output File Name     : top.ngr
Top Level Output File Name         : top
Output Format                      : NGC
Optimization Goal                  : Speed
Keep Hierarchy                     : No

Design Statistics
# IOs                              : 9

Cell Usage :
# BELS                             : 144
#      GND                         : 1
#      INV                         : 8
#      LUT1                        : 23
#      LUT2                        : 3
#      LUT2_D                      : 1
#      LUT3                        : 11
#      LUT3_D                      : 2
#      LUT4                        : 25
#      LUT4_D                      : 4
#      LUT4_L                      : 10
#      MUXCY                       : 27
#      VCC                         : 1
#      XORCY                       : 28
# FlipFlops/Latches                : 28
#      FD                          : 3
#      FDR                         : 1
#      FDRE                        : 24
# Clock Buffers                    : 1
#      BUFGP                       : 1
# IO Buffers                       : 8
#      IBUF                        : 3
#      OBUF                        : 5
=========================================================================

Device utilization summary:
---------------------------

Selected Device : 3s500efg320-4 

 Number of Slices:                       46  out of   4656     0%  
 Number of Slice Flip Flops:             28  out of   9312     0%  
 Number of 4 input LUTs:                 87  out of   9312     0%  
 Number of IOs:                           9
 Number of bonded IOBs:                   9  out of    232     3%  
 Number of GCLKs:                         1  out of     24     4%  

---------------------------
Partition Resource Summary:
---------------------------

  No Partitions were found in this design.

---------------------------


=========================================================================
TIMING REPORT

NOTE: THESE TIMING NUMBERS ARE ONLY A SYNTHESIS ESTIMATE.
      FOR ACCURATE TIMING INFORMATION PLEASE REFER TO THE TRACE REPORT
      GENERATED AFTER PLACE-and-ROUTE.

Clock Information:
------------------
-----------------------------------+------------------------+-------+
Clock Signal                       | Clock buffer(FF name)  | Load  |
-----------------------------------+------------------------+-------+
CLK_50MHZ                          | BUFGP                  | 28    |
-----------------------------------+------------------------+-------+

Asynchronous Control Signals Information:
----------------------------------------
No asynchronous control signals found in this design

Timing Summary:
---------------
Speed Grade: -4

   Minimum period: 7.822ns (Maximum Frequency: 127.845MHz)
   Minimum input arrival time before clock: 6.476ns
   Maximum output required time after clock: 4.283ns
   Maximum combinational path delay: No path found

Timing Detail:
--------------
All values displayed in nanoseconds (ns)

=========================================================================
Timing constraint: Default period analysis for Clock 'CLK_50MHZ'
  Clock period: 7.822ns (frequency: 127.845MHz)
  Total number of paths / destination ports: 1130 / 72
-------------------------------------------------------------------------
Delay:               7.822ns (Levels of Logic = 6)
  Source:            XLXI_1/hcount_0 (FF)
  Destination:       XLXI_2/blue (FF)
  Source Clock:      CLK_50MHZ rising
  Destination Clock: CLK_50MHZ rising

  Data Path: XLXI_1/hcount_0 to XLXI_2/blue
                                Gate     Net
    Cell:in->out      fanout   Delay   Delay  Logical Name (Net Name)
    ----------------------------------------  ------------
     FDRE:C->Q             5   0.591   0.808  XLXI_1/hcount_0 (XLXI_1/hcount_0)
     LUT4_D:I0->LO         1   0.704   0.135  XLXI_1/hreset_SW0 (N55)
     LUT3:I2->O            4   0.704   0.591  XLXI_1/hreset_SW1 (N29)
     LUT4_D:I3->O          5   0.704   0.637  XLXI_1/blank1 (XLXN_4)
     LUT4:I3->O            1   0.704   0.424  XLXI_2/flag_on_rect174_SW3_SW0 (N34)
     LUT4_L:I3->LO         1   0.704   0.104  XLXI_2/flag_on_rect174_SW3 (N24)
     LUT4:I3->O            1   0.704   0.000  XLXI_2/green_mux00001 (XLXI_2/green_mux0000)
     FD:D                      0.308          XLXI_2/green
    ----------------------------------------
    Total                      7.822ns (5.123ns logic, 2.699ns route)
                                       (65.5% logic, 34.5% route)

=========================================================================
Timing constraint: Default OFFSET IN BEFORE for Clock 'CLK_50MHZ'
  Total number of paths / destination ports: 45 / 3
-------------------------------------------------------------------------
Offset:              6.476ns (Levels of Logic = 5)
  Source:            SW2 (PAD)
  Destination:       XLXI_2/blue (FF)
  Destination Clock: CLK_50MHZ rising

  Data Path: SW2 to XLXI_2/blue
                                Gate     Net
    Cell:in->out      fanout   Delay   Delay  Logical Name (Net Name)
    ----------------------------------------  ------------
     IBUF:I->O             6   1.218   0.844  SW2_IBUF (SW2_IBUF)
     LUT3:I0->O            4   0.704   0.762  XLXI_2/red_cmp_eq00011 (XLXI_2/red_cmp_eq0001)
     LUT4:I0->O            1   0.704   0.424  XLXI_2/flag_on_rect174_SW1_SW0 (N31)
     LUT4_L:I3->LO         1   0.704   0.104  XLXI_2/flag_on_rect174_SW1 (N21)
     LUT4:I3->O            1   0.704   0.000  XLXI_2/red_mux00001 (XLXI_2/red_mux0000)
     FD:D                      0.308          XLXI_2/red
    ----------------------------------------
    Total                      6.476ns (4.342ns logic, 2.134ns route)
                                       (67.0% logic, 33.0% route)

=========================================================================
Timing constraint: Default OFFSET OUT AFTER for Clock 'CLK_50MHZ'
  Total number of paths / destination ports: 5 / 5
-------------------------------------------------------------------------
Offset:              4.283ns (Levels of Logic = 1)
  Source:            XLXI_2/blue (FF)
  Destination:       VGA_BLUE (PAD)
  Source Clock:      CLK_50MHZ rising

  Data Path: XLXI_2/blue to VGA_BLUE
                                Gate     Net
    Cell:in->out      fanout   Delay   Delay  Logical Name (Net Name)
    ----------------------------------------  ------------
     FD:C->Q               1   0.591   0.420  XLXI_2/blue (XLXI_2/blue)
     OBUF:I->O                 3.272          VGA_BLUE_OBUF (VGA_BLUE)
    ----------------------------------------
    Total                      4.283ns (3.863ns logic, 0.420ns route)
                                       (90.2% logic, 9.8% route)

=========================================================================


Total REAL time to Xst completion: 4.00 secs
Total CPU time to Xst completion: 3.76 secs
 
--> 


Total memory usage is 511864 kilobytes

Number of errors   :    0 (   0 filtered)
Number of warnings :    0 (   0 filtered)
Number of infos    :    0 (   0 filtered)

