Running: /opt/Xilinx/14.7/ISE_DS/ISE/bin/lin64/unwrapped/fuse -intstyle ise -incremental -lib unisims_ver -lib unimacro_ver -lib xilinxcorelib_ver -o /home/sabbir/Desktop/courses/CMPE415-Programmable-Logic-Devices/hw/hw02/core/part01_a_tb_isim_beh.exe -prj /home/sabbir/Desktop/courses/CMPE415-Programmable-Logic-Devices/hw/hw02/core/part01_a_tb_beh.prj work.part01_a_tb work.glbl 
ISim P.20131013 (signature 0xfbc00daa)
Number of CPUs detected in this system: 4
Turning on mult-threading, number of parallel sub-compilation jobs: 8 
Determining compilation order of HDL files
Analyzing Verilog file "/home/sabbir/Desktop/courses/CMPE415-Programmable-Logic-Devices/hw/hw02/core/part01_a.v" into library work
Analyzing Verilog file "/home/sabbir/Desktop/courses/CMPE415-Programmable-Logic-Devices/hw/hw02/core/part01_a_tb.v" into library work
Analyzing Verilog file "/opt/Xilinx/14.7/ISE_DS/ISE//verilog/src/glbl.v" into library work
Starting static elaboration
Completed static elaboration
Fuse Memory Usage: 94672 KB
Fuse CPU Usage: 1240 ms
Compiling module part01_a
Compiling module part01_a_tb
Compiling module glbl
Time Resolution for simulation is 1ps.
Waiting for 1 sub-compilation(s) to finish...
Compiled 3 Verilog Units
Built simulation executable /home/sabbir/Desktop/courses/CMPE415-Programmable-Logic-Devices/hw/hw02/core/part01_a_tb_isim_beh.exe
Fuse Memory Usage: 654912 KB
Fuse CPU Usage: 1260 ms
GCC CPU Usage: 230 ms
