ISim log file
Running: /home/sabbir/Desktop/courses/CMPE415-Programmable-Logic-Devices/hw/hw02/core/part09_tb_isim_par.exe -intstyle ise -gui -tclbatch isim.cmd -wdb /home/sabbir/Desktop/courses/CMPE415-Programmable-Logic-Devices/hw/hw02/core/part09_tb_isim_par.wdb 
ISim P.20131013 (signature 0xfbc00daa)
WARNING: A WEBPACK license was found.
WARNING: Please use Xilinx License Configuration Manager to check out a full ISim license.
WARNING: ISim will run in Lite mode. Please refer to the ISim documentation for more information on the differences between the Lite and the Full version.
This is a Lite version of ISim.
Time resolution is 1 ps
# onerror resume
# wave add /
# run 1000 ns
Simulator is doing circuit initialization process.
INFO: SDF backannotation was successful with SDF file netgen/par/part09_timesim.sdf, for root module /part09_tb/DUT/.
Finished circuit initialization process.
  time     a   b     y     z   
-------------------------------
  3000    0   0   xx   xx
10000    0   1   00   01
17000    1   0   00   01
24000    0   0   00   01
26000    0   0   00   01
33000    0   1   00   01
40000    1   0   00   01
47000    1   1   00   01
Stopped at time : 500 ns : File "/home/sabbir/Desktop/courses/CMPE415-Programmable-Logic-Devices/hw/hw02/part09/scripts/part09_tb.v" Line 101
ISim P.20131013 (signature 0xfbc00daa)
WARNING: A WEBPACK license was found.
WARNING: Please use Xilinx License Configuration Manager to check out a full ISim license.
WARNING: ISim will run in Lite mode. Please refer to the ISim documentation for more information on the differences between the Lite and the Full version.
This is a Lite version of ISim.
# run 1000 ns
Simulator is doing circuit initialization process.
INFO: SDF backannotation was successful with SDF file netgen/par/part09_timesim.sdf, for root module /part09_tb/DUT/.
Finished circuit initialization process.
  time     a   b     y     z   
-------------------------------
  3000    0   0   xx   xx
10000    0   1   00   01
17000    1   0   00   01
24000    0   0   00   01
26000    0   0   00   01
33000    0   1   00   01
40000    1   0   00   01
47000    1   1   00   01
Stopped at time : 100 ns : File "/home/sabbir/Desktop/courses/CMPE415-Programmable-Logic-Devices/hw/hw02/part09/scripts/part09_tb.v" Line 101
ISim P.20131013 (signature 0xfbc00daa)
WARNING: A WEBPACK license was found.
WARNING: Please use Xilinx License Configuration Manager to check out a full ISim license.
WARNING: ISim will run in Lite mode. Please refer to the ISim documentation for more information on the differences between the Lite and the Full version.
This is a Lite version of ISim.
# run 1000 ns
Simulator is doing circuit initialization process.
INFO: SDF backannotation was successful with SDF file netgen/par/part09_timesim.sdf, for root module /part09_tb/DUT/.
Finished circuit initialization process.
  time     a   b     y     z   
-------------------------------
  3000    0   0   xx   xx
10000    0   1   00   01
17000    1   0   00   01
24000    0   0   00   01
26000    0   0   00   01
33000    0   1   00   01
40000    1   0   00   01
47000    1   1   00   01
Stopped at time : 100 ns : File "/home/sabbir/Desktop/courses/CMPE415-Programmable-Logic-Devices/hw/hw02/part09/scripts/part09_tb.v" Line 101
ISim P.20131013 (signature 0xfbc00daa)
WARNING: A WEBPACK license was found.
WARNING: Please use Xilinx License Configuration Manager to check out a full ISim license.
WARNING: ISim will run in Lite mode. Please refer to the ISim documentation for more information on the differences between the Lite and the Full version.
This is a Lite version of ISim.
# run 1000 ns
Simulator is doing circuit initialization process.
INFO: SDF backannotation was successful with SDF file netgen/par/part09_timesim.sdf, for root module /part09_tb/DUT/.
Finished circuit initialization process.
  time     a   b     y     z   
-------------------------------
  3000    0   0   xx   xx
  3000    0   0   0x   01
  3000    0   0   00   01
  8000    0   1   00   01
10000    0   1   00   01
15000    1   0   00   01
17000    1   0   00   01
22000    1   1   00   01
24000    0   0   00   01
26000    0   0   00   01
31000    0   1   00   01
33000    0   1   00   01
38000    1   0   00   01
40000    1   0   00   01
45000    1   1   00   01
47000    1   1   00   01
Stopped at time : 100 ns : File "/home/sabbir/Desktop/courses/CMPE415-Programmable-Logic-Devices/hw/hw02/part09/scripts/part09_tb.v" Line 101
# exit 0
