Command line:
   part11_struct_tb_isim_beh.exe
     -simmode  gui
     -simrunnum  0
     -socket  52877

Sat Oct  7 10:58:51 2017


 Elaboration Time: 0.02 sec

 Current Memory Usage: 196.035 Meg

 Total Signals          : 77
 Total Nets             : 62
 Total Signal Drivers   : 46
 Total Blocks           : 8
 Total Primitive Blocks : 6
 Total Processes        : 49
 Total Traceable Variables  : 21
 Total Scalar Nets and Variables : 153
Total Line Count : 47

 Total Simulation Time: 0.02 sec

 Current Memory Usage: 271.536 Meg

Sat Oct  7 11:02:19 2017

