Command line:
   part05_tb_isim_beh.exe
     -simmode  gui
     -simrunnum  0
     -socket  39597

Tue Oct  3 17:45:07 2017


 Elaboration Time: 0.02 sec

 Current Memory Usage: 196.035 Meg

 Total Signals          : 16
 Total Nets             : 142
 Total Signal Drivers   : 8
 Total Blocks           : 3
 Total Primitive Blocks : 2
 Total Processes        : 12
 Total Traceable Variables  : 22
 Total Scalar Nets and Variables : 383
Total Line Count : 39

 Total Simulation Time: 0.03 sec

 Current Memory Usage: 271.536 Meg

Tue Oct  3 17:45:36 2017

